2017/10/23 21:14:41 --- NEW TURN --- 
2017/10/23 21:14:41     Parsed map
2017/10/23 21:14:41 --- NEW TURN --- 
2017/10/23 21:14:41     Parsed map
2017/10/23 21:14:41 Turn 1
2017/10/23 21:14:41 Final string : t 0 7 85 t 1 3 151 t 2 7 85
2017/10/23 21:14:41 --- NEW TURN --- 
2017/10/23 21:14:41     Parsed map
2017/10/23 21:14:41 Turn 2
2017/10/23 21:14:41 Final string : t 0 7 85 t 1 7 174 t 2 7 85
2017/10/23 21:14:41 --- NEW TURN --- 
2017/10/23 21:14:41     Parsed map
2017/10/23 21:14:41 Turn 3
2017/10/23 21:14:41 Final string : t 0 7 86 t 1 7 174 t 2 7 85
2017/10/23 21:14:41 --- NEW TURN --- 
2017/10/23 21:14:41     Parsed map
2017/10/23 21:14:41 Turn 4
2017/10/23 21:14:41 Final string : t 0 7 86 t 1 7 174 t 2 7 85
2017/10/23 21:14:41 --- NEW TURN --- 
2017/10/23 21:14:41     Parsed map
2017/10/23 21:14:41 Turn 5
2017/10/23 21:14:41 Final string : t 0 7 86 t 1 3 174 t 2 7 86
2017/10/23 21:14:41 --- NEW TURN --- 
2017/10/23 21:14:41     Parsed map
2017/10/23 21:14:41 Turn 6
2017/10/23 21:14:41 Final string : t 0 3 86 d 1 5 t 2 3 86
2017/10/23 21:14:41 --- NEW TURN --- 
2017/10/23 21:14:41     Parsed map
2017/10/23 21:14:41 Turn 7
2017/10/23 21:14:41 Final string : t 0 3 86 d 2 8
2017/10/23 21:14:41 --- NEW TURN --- 
2017/10/23 21:14:41     Parsed map
2017/10/23 21:14:41 Turn 8
2017/10/23 21:14:41 Final string : 
2017/10/23 21:14:41 --- NEW TURN --- 
2017/10/23 21:14:41     Parsed map
2017/10/23 21:14:41 Turn 9
2017/10/23 21:14:41 Final string : 
2017/10/23 21:14:41 --- NEW TURN --- 
2017/10/23 21:14:41     Parsed map
2017/10/23 21:14:41 Turn 10
2017/10/23 21:14:41 Final string : 
2017/10/23 21:14:41 --- NEW TURN --- 
2017/10/23 21:14:41     Parsed map
2017/10/23 21:14:41 Turn 11
2017/10/23 21:14:41 Final string : 
2017/10/23 21:14:41 --- NEW TURN --- 
2017/10/23 21:14:41     Parsed map
2017/10/23 21:14:41 Turn 12
2017/10/23 21:14:41 Final string : 
2017/10/23 21:14:41 --- NEW TURN --- 
2017/10/23 21:14:41     Parsed map
2017/10/23 21:14:41 Turn 13
2017/10/23 21:14:41 Final string : 
2017/10/23 21:14:41 --- NEW TURN --- 
2017/10/23 21:14:41     Parsed map
2017/10/23 21:14:41 Turn 14
2017/10/23 21:14:41 Final string : 
2017/10/23 21:14:41 --- NEW TURN --- 
2017/10/23 21:14:41     Parsed map
2017/10/23 21:14:41 Turn 15
2017/10/23 21:14:41 Final string : 
2017/10/23 21:14:41 --- NEW TURN --- 
2017/10/23 21:14:41     Parsed map
2017/10/23 21:14:41 Turn 16
2017/10/23 21:14:41 Final string : 
2017/10/23 21:14:41 --- NEW TURN --- 
2017/10/23 21:14:41     Parsed map
2017/10/23 21:14:41 Turn 17
2017/10/23 21:14:41 Final string : 
2017/10/23 21:14:41 --- NEW TURN --- 
2017/10/23 21:14:41     Parsed map
2017/10/23 21:14:41 Turn 18
2017/10/23 21:14:41 Final string : 
2017/10/23 21:14:41 --- NEW TURN --- 
2017/10/23 21:14:41     Parsed map
2017/10/23 21:14:41 Turn 19
2017/10/23 21:14:41 Final string : 
2017/10/23 21:14:41 --- NEW TURN --- 
2017/10/23 21:14:41     Parsed map
2017/10/23 21:14:41 Turn 20
2017/10/23 21:14:41 Final string : 
2017/10/23 21:14:41 --- NEW TURN --- 
2017/10/23 21:14:41     Parsed map
2017/10/23 21:14:41 Turn 21
2017/10/23 21:14:41 Final string : 
2017/10/23 21:14:41 --- NEW TURN --- 
2017/10/23 21:14:41     Parsed map
2017/10/23 21:14:41 Turn 22
2017/10/23 21:14:41 Final string : 
2017/10/23 21:14:41 --- NEW TURN --- 
2017/10/23 21:14:41     Parsed map
2017/10/23 21:14:41 Turn 23
2017/10/23 21:14:41 Final string : t 6 7 58
2017/10/23 21:14:41 --- NEW TURN --- 
2017/10/23 21:14:54 --- NEW TURN --- 
2017/10/23 21:14:54     Parsed map
2017/10/23 21:14:54 --- NEW TURN --- 
2017/10/23 21:14:54     Parsed map
2017/10/23 21:14:54 Turn 1
2017/10/23 21:14:54 Final string : t 0 3 -34 t 1 3 147 t 2 3 -36
2017/10/23 21:14:54 --- NEW TURN --- 
2017/10/23 21:14:54     Parsed map
2017/10/23 21:14:54 Turn 2
2017/10/23 21:14:54 Final string : t 0 7 -73 t 1 7 173 t 2 3 -42
2017/10/23 21:14:54 --- NEW TURN --- 
2017/10/23 21:14:54     Parsed map
2017/10/23 21:14:54 Turn 3
2017/10/23 21:14:54 Final string : t 0 7 -77 t 1 7 173 t 2 7 -78
2017/10/23 21:14:54 --- NEW TURN --- 
2017/10/23 21:14:54     Parsed map
2017/10/23 21:14:54 Turn 4
2017/10/23 21:14:54 Final string : t 0 7 -82 t 1 3 173 t 2 7 -82
2017/10/23 21:14:54 --- NEW TURN --- 
2017/10/23 21:14:54     Parsed map
2017/10/23 21:14:54 Turn 5
2017/10/23 21:14:54 Final string : t 0 3 -90 t 1 3 173 t 2 7 -86
2017/10/23 21:14:54 --- NEW TURN --- 
2017/10/23 21:14:54     Parsed map
2017/10/23 21:14:54 Turn 6
2017/10/23 21:14:54 Final string : d 0 4 d 1 9 t 2 3 -93
2017/10/23 21:14:54 --- NEW TURN --- 
2017/10/23 21:14:54     Parsed map
2017/10/23 21:14:54 Turn 7
2017/10/23 21:14:54 Final string : d 1 9 d 2 4
2017/10/23 21:14:54 --- NEW TURN --- 
2017/10/23 21:14:54     Parsed map
2017/10/23 21:14:54 Turn 8
2017/10/23 21:14:54 Final string : d 1 9 d 2 4
2017/10/23 21:14:54 --- NEW TURN --- 
2017/10/23 21:14:54     Parsed map
2017/10/23 21:14:54 Turn 9
2017/10/23 21:14:54 Final string : d 1 9 d 2 4
2017/10/23 21:14:54 --- NEW TURN --- 
2017/10/23 21:14:54     Parsed map
2017/10/23 21:14:54 Turn 10
2017/10/23 21:14:54 Final string : d 1 9 d 2 4
2017/10/23 21:14:54 --- NEW TURN --- 
2017/10/23 21:14:54     Parsed map
2017/10/23 21:14:54 Turn 11
2017/10/23 21:14:54 Final string : d 1 9 d 2 4
2017/10/23 21:14:54 --- NEW TURN --- 
2017/10/23 21:14:54     Parsed map
2017/10/23 21:14:54 Turn 12
2017/10/23 21:14:54 Final string : d 1 9 d 2 4
2017/10/23 21:14:54 --- NEW TURN --- 
2017/10/23 21:14:54     Parsed map
2017/10/23 21:14:54 Turn 13
2017/10/23 21:14:54 Final string : d 1 9 d 2 4
2017/10/23 21:14:54 --- NEW TURN --- 
2017/10/23 21:14:54     Parsed map
2017/10/23 21:14:54 Turn 14
2017/10/23 21:14:54 Final string : d 1 9 d 2 4
2017/10/23 21:14:54 --- NEW TURN --- 
2017/10/23 21:14:54     Parsed map
2017/10/23 21:14:54 Turn 15
2017/10/23 21:14:54 Final string : d 1 9 d 2 4
2017/10/23 21:14:54 --- NEW TURN --- 
2017/10/23 21:14:54     Parsed map
2017/10/23 21:14:54 Turn 16
2017/10/23 21:14:54 Final string : d 1 9 d 2 4
2017/10/23 21:14:54 --- NEW TURN --- 
2017/10/23 21:14:54     Parsed map
2017/10/23 21:14:54 Turn 17
2017/10/23 21:14:54 Final string : d 1 9 d 2 4
2017/10/23 21:14:54 --- NEW TURN --- 
2017/10/23 21:14:54     Parsed map
2017/10/23 21:14:54 Turn 18
2017/10/23 21:14:54 Final string : d 1 9 d 2 4
2017/10/23 21:14:54 --- NEW TURN --- 
2017/10/23 21:14:54     Parsed map
2017/10/23 21:14:54 Turn 19
2017/10/23 21:14:54 Final string : d 1 9 d 2 4
2017/10/23 21:14:54 --- NEW TURN --- 
2017/10/23 21:14:54     Parsed map
2017/10/23 21:14:54 Turn 20
2017/10/23 21:14:54 Final string : d 1 9 d 2 4
2017/10/23 21:14:54 --- NEW TURN --- 
2017/10/23 21:14:54     Parsed map
2017/10/23 21:14:54 Turn 21
2017/10/23 21:14:54 Final string : d 1 9 d 2 4
2017/10/23 21:14:54 --- NEW TURN --- 
2017/10/23 21:14:54     Parsed map
2017/10/23 21:14:54 Turn 22
2017/10/23 21:14:54 Final string : d 1 9 d 2 4
2017/10/23 21:14:54 --- NEW TURN --- 
2017/10/23 21:14:54     Parsed map
2017/10/23 21:14:54 Turn 23
2017/10/23 21:14:54 Final string : d 1 9 d 2 4 d 6 4
2017/10/23 21:14:54 --- NEW TURN --- 
2017/10/23 21:14:54     Parsed map
2017/10/23 21:14:54 Turn 24
2017/10/23 21:14:54 Final string : d 1 9 d 2 4
2017/10/23 21:14:54 --- NEW TURN --- 
2017/10/23 21:14:54     Parsed map
2017/10/23 21:14:54 Turn 25
2017/10/23 21:14:54 Final string : d 1 9 d 2 4
2017/10/23 21:14:54 --- NEW TURN --- 
2017/10/23 21:14:54     Parsed map
2017/10/23 21:14:54 Turn 26
2017/10/23 21:14:54 Final string : d 1 9 d 2 4
2017/10/23 21:14:54 --- NEW TURN --- 
2017/10/23 21:14:54     Parsed map
2017/10/23 21:14:54 Turn 27
2017/10/23 21:14:54 Final string : d 1 9 d 2 4
2017/10/23 21:14:54 --- NEW TURN --- 
2017/10/23 21:14:54     Parsed map
2017/10/23 21:14:54 Turn 28
2017/10/23 21:14:54 Final string : d 1 9 d 2 4
2017/10/23 21:14:54 --- NEW TURN --- 
2017/10/23 21:14:54     Parsed map
2017/10/23 21:14:54 Turn 29
2017/10/23 21:14:54 Final string : d 1 9 d 2 4
2017/10/23 21:14:54 --- NEW TURN --- 
2017/10/23 21:14:54     Parsed map
2017/10/23 21:14:54 Turn 30
2017/10/23 21:14:54 Final string : d 1 9 d 2 4
2017/10/23 21:14:54 --- NEW TURN --- 
2017/10/23 21:14:54     Parsed map
2017/10/23 21:14:54 Turn 31
2017/10/23 21:14:54 Final string : d 1 9 d 2 4
2017/10/23 21:14:54 --- NEW TURN --- 
2017/10/23 21:14:54     Parsed map
2017/10/23 21:14:54 Turn 32
2017/10/23 21:14:54 Final string : d 1 9 d 2 4 t 7 7 56
2017/10/23 21:14:54 --- NEW TURN --- 
2017/10/23 21:14:54     Parsed map
2017/10/23 21:14:54 Turn 33
2017/10/23 21:14:54 Final string : d 1 9 d 2 4 t 7 7 56
2017/10/23 21:14:54 --- NEW TURN --- 
2017/10/23 21:14:54     Parsed map
2017/10/23 21:14:54 Turn 34
2017/10/23 21:14:54 Final string : d 1 9 d 2 4 t 7 7 56
2017/10/23 21:14:54 --- NEW TURN --- 
2017/10/23 21:14:54     Parsed map
2017/10/23 21:14:54 Turn 35
2017/10/23 21:14:54 Final string : d 1 9 d 2 4 t 7 7 56
2017/10/23 21:14:54 --- NEW TURN --- 
2017/10/23 21:14:54     Parsed map
2017/10/23 21:14:54 Turn 36
2017/10/23 21:14:54 Final string : d 1 9 d 2 4 t 7 7 57
2017/10/23 21:14:54 --- NEW TURN --- 
2017/10/23 21:14:54     Parsed map
2017/10/23 21:14:54 Turn 37
2017/10/23 21:14:54 Final string : d 1 9 d 2 4 t 7 3 57
2017/10/23 21:14:54 --- NEW TURN --- 
2017/10/23 21:14:54     Parsed map
2017/10/23 21:14:54 Turn 38
2017/10/23 21:14:54 Final string : d 1 9 d 2 4 d 7 1 d 8 4
2017/10/23 21:14:54 --- NEW TURN --- 
2017/10/23 21:14:54     Parsed map
2017/10/23 21:14:54 Turn 39
2017/10/23 21:14:54 Final string : d 1 9 d 2 4
2017/10/23 21:14:54 --- NEW TURN --- 
2017/10/23 21:14:54     Parsed map
2017/10/23 21:14:54 Turn 40
2017/10/23 21:14:54 Final string : d 1 9 d 2 4
2017/10/23 21:14:54 --- NEW TURN --- 
2017/10/23 21:14:54     Parsed map
2017/10/23 21:14:54 Turn 41
2017/10/23 21:14:54 Final string : d 1 9 d 2 4
2017/10/23 21:14:54 --- NEW TURN --- 
2017/10/23 21:14:54     Parsed map
2017/10/23 21:14:54 Turn 42
2017/10/23 21:14:54 Final string : d 1 9 d 2 4
2017/10/23 21:14:54 --- NEW TURN --- 
2017/10/23 21:14:54     Parsed map
2017/10/23 21:14:54 Turn 43
2017/10/23 21:14:54 Final string : d 1 9 d 2 4
2017/10/23 21:14:54 --- NEW TURN --- 
2017/10/23 21:14:54     Parsed map
2017/10/23 21:14:54 Turn 44
2017/10/23 21:14:54 Final string : d 1 9 d 2 4 t 9 7 55
2017/10/23 21:14:54 --- NEW TURN --- 
2017/10/23 21:14:54     Parsed map
2017/10/23 21:14:54 Turn 45
2017/10/23 21:14:54 Final string : d 1 9 d 2 4 t 9 0 0
2017/10/23 21:14:54 --- NEW TURN --- 
2017/10/23 21:14:54     Parsed map
2017/10/23 21:14:54 Turn 46
2017/10/23 21:14:54 Final string : d 1 9 d 2 4 t 9 0 0
2017/10/23 21:14:54 --- NEW TURN --- 
2017/10/23 21:14:54     Parsed map
2017/10/23 21:14:54 Turn 47
2017/10/23 21:14:54 Final string : d 1 9 d 2 4 t 9 0 0
2017/10/23 21:14:54 --- NEW TURN --- 
2017/10/23 21:14:54     Parsed map
2017/10/23 21:14:54 Turn 48
2017/10/23 21:14:54 Final string : d 1 9 d 2 4 t 9 0 0 d 10 4
2017/10/23 21:14:54 --- NEW TURN --- 
2017/10/23 21:14:54     Parsed map
2017/10/23 21:14:54 Turn 49
2017/10/23 21:14:54 Final string : d 1 9 t 2 7 38 t 9 0 0
2017/10/23 21:14:54 --- NEW TURN --- 
2017/10/23 21:14:54     Parsed map
2017/10/23 21:14:54 Turn 50
2017/10/23 21:14:54 Final string : d 1 9 t 2 3 24 t 9 0 0
2017/10/23 21:14:54 --- NEW TURN --- 
2017/10/23 21:14:54     Parsed map
2017/10/23 21:14:54 Turn 51
2017/10/23 21:14:54 Final string : d 1 9 t 2 7 11 t 9 3 27
2017/10/23 21:14:54 --- NEW TURN --- 
2017/10/23 21:14:54     Parsed map
2017/10/23 21:14:54 Turn 52
2017/10/23 21:14:54 Final string : d 1 9 t 2 7 12 t 9 7 56 t 11 7 60
2017/10/23 21:14:54 --- NEW TURN --- 
2017/10/23 21:14:54     Parsed map
2017/10/23 21:14:54 Turn 53
2017/10/23 21:14:54 Final string : d 1 9 t 2 3 12 t 9 3 46 t 11 7 60
2017/10/23 21:14:54 --- NEW TURN --- 
2017/10/23 21:14:54     Parsed map
2017/10/23 21:14:54 Turn 54
2017/10/23 21:14:54 Final string : d 1 9 d 2 2 t 9 0 0 t 11 7 60
2017/10/23 21:14:54 --- NEW TURN --- 
2017/10/23 21:14:54     Parsed map
2017/10/23 21:14:54 Turn 55
2017/10/23 21:14:54 Final string : d 1 9 t 9 0 0 t 11 7 60 t 12 3 -116 t 13 7 60
2017/10/23 21:14:54 --- NEW TURN --- 
2017/10/23 21:14:54     Parsed map
2017/10/23 21:14:54 Turn 56
2017/10/23 21:14:54 Final string : d 1 9 t 9 0 0 t 11 7 60 d 12 2 t 13 7 60
2017/10/23 21:14:54 --- NEW TURN --- 
2017/10/23 21:14:54     Parsed map
2017/10/23 21:14:54 Turn 57
2017/10/23 21:14:54 Final string : d 1 9 t 9 0 0 t 11 3 61 d 12 2 t 13 7 60
2017/10/23 21:14:54 --- NEW TURN --- 
2017/10/23 21:14:54     Parsed map
2017/10/23 21:14:54 Turn 58
2017/10/23 21:14:54 Final string : d 1 9 t 9 0 0 t 11 3 61 d 12 2 t 13 7 60 t 14 7 -1
2017/10/23 21:14:54 --- NEW TURN --- 
2017/10/23 21:14:54     Parsed map
2017/10/23 21:14:54 Turn 59
2017/10/23 21:14:54 Final string : d 1 9 t 9 0 0 d 11 1 d 12 2 t 13 7 60 t 14 7 -6
2017/10/23 21:14:54 --- NEW TURN --- 
2017/10/23 21:14:54     Parsed map
2017/10/23 21:14:54 Turn 60
2017/10/23 21:14:54 Final string : d 1 9 t 9 0 0 d 12 2 t 13 3 61 t 14 3 -13
2017/10/23 21:14:54 --- NEW TURN --- 
2017/10/23 21:14:54     Parsed map
2017/10/23 21:14:54 Turn 61
2017/10/23 21:14:54 Final string : d 1 9 t 9 0 0 d 12 2 t 13 3 61 t 14 3 -17 t 15 7 60
2017/10/23 21:14:54 --- NEW TURN --- 
2017/10/23 21:14:54     Parsed map
2017/10/23 21:14:54 Turn 62
2017/10/23 21:14:54 Final string : d 1 9 t 9 0 0 d 12 2 d 14 10 t 15 7 60
2017/10/23 21:14:54 --- NEW TURN --- 
2017/10/23 21:14:54     Parsed map
2017/10/23 21:14:54 Turn 63
2017/10/23 21:14:54 Final string : d 1 9 t 9 0 0 d 12 2 d 14 10 t 15 7 60
2017/10/23 21:14:54 --- NEW TURN --- 
2017/10/23 21:14:54     Parsed map
2017/10/23 21:14:54 Turn 64
2017/10/23 21:14:54 Final string : d 1 9 t 9 0 0 d 12 2 d 14 10 t 15 7 60 t 16 7 0
2017/10/23 21:14:54 --- NEW TURN --- 
2017/10/23 21:14:54     Parsed map
2017/10/23 21:14:54 Turn 65
2017/10/23 21:14:54 Final string : d 1 9 t 9 0 0 d 12 2 d 14 10 t 15 7 60 t 16 7 0
2017/10/23 21:14:54 --- NEW TURN --- 
2017/10/23 21:14:54     Parsed map
2017/10/23 21:14:54 Turn 66
2017/10/23 21:14:54 Final string : d 1 9 t 9 0 0 d 12 2 d 14 10 t 15 3 61 t 16 3 0
2017/10/23 21:14:54 --- NEW TURN --- 
2017/10/23 21:14:54     Parsed map
2017/10/23 21:14:54 Turn 67
2017/10/23 21:14:54 Final string : d 1 9 t 9 0 0 d 12 2 d 14 10 t 15 3 61 t 16 2 -2 d 17 1 t 18 7 -1
2017/10/23 21:14:54 --- NEW TURN --- 
2017/10/23 21:14:54     Parsed map
2017/10/23 21:14:54 Turn 68
2017/10/23 21:14:54 Final string : d 1 9 t 9 0 0 d 12 2 d 14 10 d 15 1 d 16 10 t 18 7 -6
2017/10/23 21:14:54 --- NEW TURN --- 
2017/10/23 21:14:54     Parsed map
2017/10/23 21:14:54 Turn 69
2017/10/23 21:14:54 Final string : d 1 9 t 9 7 0 d 12 2 d 14 10 d 16 10 t 18 3 -13
2017/10/23 21:14:54 --- NEW TURN --- 
2017/10/23 21:14:54     Parsed map
2017/10/23 21:14:54 Turn 70
2017/10/23 21:14:54 Final string : d 1 9 t 9 7 0 d 12 2 d 14 10 d 16 10 t 18 3 -17 t 19 7 28
2017/10/23 21:14:54 --- NEW TURN --- 
2017/10/23 21:14:54     Parsed map
2017/10/23 21:14:54 Turn 71
2017/10/23 21:14:54 Final string : d 1 9 d 12 2 d 16 10 t 19 7 28 d 20 2
2017/10/23 21:14:54 --- NEW TURN --- 
2017/10/23 21:14:54     Parsed map
2017/10/23 21:14:54 Turn 72
2017/10/23 21:14:54 Final string : d 1 9 d 12 2 d 16 10 t 19 7 28
2017/10/23 21:14:54 --- NEW TURN --- 
2017/10/23 21:14:54     Parsed map
2017/10/23 21:14:54 Turn 73
2017/10/23 21:14:54 Final string : d 1 9 d 12 2 d 16 10 t 19 7 28 t 21 7 38
2017/10/23 21:14:54 --- NEW TURN --- 
2017/10/23 21:14:54     Parsed map
2017/10/23 21:14:54 Turn 74
2017/10/23 21:14:54 Final string : d 1 9 d 12 2 d 16 10 t 19 7 28 t 21 7 36
2017/10/23 21:14:54 --- NEW TURN --- 
2017/10/23 21:14:54     Parsed map
2017/10/23 21:14:54 Turn 75
2017/10/23 21:14:54 Final string : d 1 9 d 12 2 d 16 10 t 19 3 28 t 21 3 54 t 22 3 -107
2017/10/23 21:14:54 --- NEW TURN --- 
2017/10/23 21:14:54     Parsed map
2017/10/23 21:14:54 Turn 76
2017/10/23 21:14:54 Final string : d 1 9 d 12 2 d 16 10 t 19 3 28 t 21 7 22 d 22 2 t 23 7 14
2017/10/23 21:14:54 --- NEW TURN --- 
2017/10/23 21:14:54     Parsed map
2017/10/23 21:14:54 Turn 77
2017/10/23 21:14:54 Final string : d 1 9 t 12 3 34 d 16 10 d 19 3 t 21 7 22 t 23 7 30
2017/10/23 21:14:54 --- NEW TURN --- 
2017/10/23 21:14:54     Parsed map
2017/10/23 21:14:54 Turn 78
2017/10/23 21:14:54 Final string : d 1 9 t 12 3 34 d 16 10 d 19 3 t 21 7 23 t 23 7 30
2017/10/23 21:14:54 --- NEW TURN --- 
2017/10/23 21:14:54     Parsed map
2017/10/23 21:14:54 Turn 79
2017/10/23 21:14:54 Final string : d 1 9 d 12 0 d 16 10 d 19 3 t 21 3 23 t 23 7 30 t 24 3 25 t 25 7 28
2017/10/23 21:14:54 --- NEW TURN --- 
2017/10/23 21:14:54     Parsed map
2017/10/23 21:14:54 Turn 80
2017/10/23 21:14:54 Final string : d 1 9 d 12 0 d 16 10 d 19 3 d 21 3 t 23 7 30 t 25 7 28 t 26 7 52
2017/10/23 21:14:54 --- NEW TURN --- 
2017/10/23 21:14:54     Parsed map
2017/10/23 21:14:54 Turn 81
2017/10/23 21:14:54 Final string : d 1 9 d 12 0 d 16 10 d 19 3 d 21 3 t 23 3 30 t 25 7 28 t 26 3 53
2017/10/23 21:14:54 --- NEW TURN --- 
2017/10/23 21:14:54     Parsed map
2017/10/23 21:14:54 Turn 82
2017/10/23 21:14:54 Final string : d 1 9 d 12 0 d 16 10 d 19 3 d 21 3 t 23 3 30 t 25 7 28 d 26 0 t 27 7 60
2017/10/23 21:14:54 --- NEW TURN --- 
2017/10/23 21:14:54     Parsed map
2017/10/23 21:14:54 Turn 83
2017/10/23 21:14:54 Final string : d 1 9 d 12 0 d 16 10 d 21 3 t 25 7 22 t 27 7 60
2017/10/23 21:14:54 --- NEW TURN --- 
2017/10/23 21:14:54     Parsed map
2017/10/23 21:14:54 Turn 84
2017/10/23 21:14:54 Final string : d 1 9 d 12 0 d 16 10 d 21 3 t 25 3 21 t 27 7 60 t 28 7 52
2017/10/23 21:14:54 --- NEW TURN --- 
2017/10/23 21:14:54     Parsed map
2017/10/23 21:14:54 Turn 85
2017/10/23 21:14:54 Final string : d 1 9 d 12 0 d 16 10 d 21 3 t 25 1 32 t 27 7 60 t 28 3 53 d 29 1 t 30 7 -1
2017/10/23 21:14:54 --- NEW TURN --- 
2017/10/23 21:14:54     Parsed map
2017/10/23 21:14:54 Turn 86
2017/10/23 21:14:54 Final string : d 1 9 d 12 0 d 16 10 d 21 3 t 25 1 32 t 27 7 0 t 30 7 -6
2017/10/23 21:14:54 --- NEW TURN --- 
2017/10/23 21:14:54     Parsed map
2017/10/23 21:14:54 Turn 87
2017/10/23 21:14:54 Final string : d 1 9 d 12 0 d 16 10 d 21 3 d 25 3 t 30 3 -13
2017/10/23 21:14:54 --- NEW TURN --- 
2017/10/23 21:14:54     Parsed map
2017/10/23 21:14:54 Turn 88
2017/10/23 21:14:54 Final string : d 1 9 d 12 0 d 16 10 d 21 3 d 25 3 t 30 3 -22 t 31 3 -17 t 32 7 -1
2017/10/23 21:14:54 --- NEW TURN --- 
2017/10/23 21:14:54     Parsed map
2017/10/23 21:14:54 Turn 89
2017/10/23 21:14:54 Final string : d 1 9 d 12 0 d 16 10 d 21 3 d 25 3 d 30 10 d 31 3 t 32 7 -6
2017/10/23 21:14:54 --- NEW TURN --- 
2017/10/23 21:14:54     Parsed map
2017/10/23 21:14:54 Turn 90
2017/10/23 21:14:54 Final string : d 1 9 d 12 0 d 16 10 d 21 3 d 25 3 d 30 10 t 32 3 -13
2017/10/23 21:14:54 --- NEW TURN --- 
2017/10/23 21:14:54     Parsed map
2017/10/23 21:14:54 Turn 91
2017/10/23 21:14:54 Final string : d 1 9 d 12 0 d 16 10 d 21 3 d 25 3 d 30 10 t 32 3 -17 t 33 7 -37 t 34 7 -1
2017/10/23 21:14:54 --- NEW TURN --- 
2017/10/23 21:14:54     Parsed map
2017/10/23 21:14:54 Turn 92
2017/10/23 21:14:54 Final string : d 1 9 d 12 0 d 16 10 d 21 3 d 25 3 t 33 3 -45 t 34 7 -6 t 35 3 -17
2017/10/23 21:14:54 --- NEW TURN --- 
2017/10/23 21:14:54     Parsed map
2017/10/23 21:14:54 Turn 93
2017/10/23 21:14:54 Final string : d 1 9 d 12 0 d 16 10 d 21 3 d 25 3 d 33 3 t 34 3 -13
2017/10/23 21:14:54 --- NEW TURN --- 
2017/10/23 21:14:54     Parsed map
2017/10/23 21:14:54 Turn 94
2017/10/23 21:14:54 Final string : d 1 9 d 12 0 d 16 10 d 21 3 d 25 3 t 34 3 -22 t 36 7 -1
2017/10/23 21:14:54 --- NEW TURN --- 
2017/10/23 21:14:54     Parsed map
2017/10/23 21:14:54 Turn 95
2017/10/23 21:14:54 Final string : d 1 9 d 12 0 d 16 10 d 21 3 d 25 3 d 34 10 t 36 7 -6 t 37 7 -37
2017/10/23 21:14:54 --- NEW TURN --- 
2017/10/23 21:14:54     Parsed map
2017/10/23 21:14:54 Turn 96
2017/10/23 21:14:54 Final string : d 1 9 d 12 0 d 16 10 d 21 3 d 25 3 d 34 10 t 36 3 -13 t 37 3 -45 t 38 7 52
2017/10/23 21:14:54 --- NEW TURN --- 
2017/10/23 21:14:54     Parsed map
2017/10/23 21:14:54 Turn 97
2017/10/23 21:14:54 Final string : d 1 9 d 12 0 d 16 10 d 21 3 d 25 3 d 34 10 t 36 3 -17 t 38 3 53 t 39 7 28
2017/10/23 21:14:54 --- NEW TURN --- 
2017/10/23 21:14:54     Parsed map
2017/10/23 21:14:54 Turn 98
2017/10/23 21:14:54 Final string : d 1 9 d 12 0 d 16 10 d 21 3 d 25 3 d 38 0 t 39 7 28
2017/10/23 21:14:54 --- NEW TURN --- 
2017/10/23 21:14:54     Parsed map
2017/10/23 21:14:54 Turn 99
2017/10/23 21:14:54 Final string : d 1 9 d 12 0 d 16 10 d 21 3 d 25 3 t 39 7 28 t 40 3 25
2017/10/23 21:14:54 --- NEW TURN --- 
2017/10/23 21:14:54     Parsed map
2017/10/23 21:14:54 Turn 100
2017/10/23 21:14:54 Final string : d 1 9 d 12 0 d 16 10 d 21 3 d 25 3 t 39 7 28 t 41 3 -17 t 42 7 -1
2017/10/23 21:14:54 --- NEW TURN --- 
2017/10/23 21:14:54     Parsed map
2017/10/23 21:14:54 Turn 101
2017/10/23 21:14:54 Final string : d 1 9 d 12 0 d 16 10 d 21 3 d 25 3 t 39 7 28 d 41 3 t 42 7 -6
2017/10/23 21:14:54 --- NEW TURN --- 
2017/10/23 21:14:54     Parsed map
2017/10/23 21:14:54 Turn 102
2017/10/23 21:14:54 Final string : d 1 9 d 12 0 d 16 10 d 21 3 d 25 3 t 39 3 28 t 42 3 -13
2017/10/23 21:14:54 --- NEW TURN --- 
2017/10/23 21:14:54     Parsed map
2017/10/23 21:14:54 Turn 103
2017/10/23 21:14:54 Final string : d 1 9 d 12 0 d 16 10 d 21 3 d 25 3 t 39 3 28 t 42 3 -22 t 43 7 60
2017/10/23 21:14:54 --- NEW TURN --- 
2017/10/23 21:14:54     Parsed map
2017/10/23 21:14:54 Turn 104
2017/10/23 21:14:54 Final string : d 1 9 d 12 0 d 16 10 d 21 3 d 42 10 t 43 7 60 t 44 3 26 t 45 3 -17
2017/10/23 21:14:54 --- NEW TURN --- 
2017/10/23 21:14:54     Parsed map
2017/10/23 21:14:54 Turn 105
2017/10/23 21:14:54 Final string : d 1 9 d 12 0 d 16 10 d 21 3 d 42 10 t 43 7 60 d 44 0
2017/10/23 21:14:54 --- NEW TURN --- 
2017/10/23 21:14:54     Parsed map
2017/10/23 21:14:54 Turn 106
2017/10/23 21:14:54 Final string : d 1 9 d 12 0 d 16 10 d 21 3 d 42 10 t 43 7 60 d 44 0 t 46 7 -1
2017/10/23 21:14:54 --- NEW TURN --- 
2017/10/23 21:14:54     Parsed map
2017/10/23 21:14:54 Turn 107
2017/10/23 21:14:54 Final string : d 1 9 d 12 0 d 16 10 d 21 3 d 42 10 t 43 7 60 d 44 0 t 46 7 -6
2017/10/23 21:14:54 --- NEW TURN --- 
2017/10/23 21:14:54     Parsed map
2017/10/23 21:14:54 Turn 108
2017/10/23 21:14:54 Final string : d 1 9 d 12 0 d 16 10 d 21 3 d 42 10 t 43 3 61 d 44 0 t 46 3 -13 t 47 3 -17
2017/10/23 21:14:54 --- NEW TURN --- 
2017/10/23 21:14:54     Parsed map
2017/10/23 21:14:54 Turn 109
2017/10/23 21:14:54 Final string : d 1 9 d 12 0 d 16 10 d 21 3 d 42 10 t 43 3 61 d 44 0 t 46 3 -17 d 47 3 t 48 7 -1
2017/10/23 21:14:54 --- NEW TURN --- 
2017/10/23 21:14:54     Parsed map
2017/10/23 21:14:54 Turn 110
2017/10/23 21:14:54 Final string : d 1 9 d 12 0 d 16 10 d 21 3 d 44 0 t 48 7 -6
2017/10/23 21:14:54 --- NEW TURN --- 
2017/10/23 21:14:54     Parsed map
2017/10/23 21:14:54 Turn 111
2017/10/23 21:14:54 Final string : d 1 9 d 12 0 d 16 10 d 21 3 d 44 0 t 48 3 -13 d 49 1
2017/10/23 21:14:54 --- NEW TURN --- 
2017/10/23 21:14:54     Parsed map
2017/10/23 21:14:54 Turn 112
2017/10/23 21:14:54 Final string : d 1 9 d 12 0 d 16 10 d 21 3 d 44 0 t 48 3 -22 t 50 7 52 t 51 7 60
2017/10/23 21:14:54 --- NEW TURN --- 
2017/10/23 21:14:54     Parsed map
2017/10/23 21:14:54 Turn 113
2017/10/23 21:14:54 Final string : d 1 9 d 12 0 d 16 10 d 21 3 d 44 0 d 48 10 t 50 3 53 t 51 7 60
2017/10/23 21:14:54 --- NEW TURN --- 
2017/10/23 21:14:54     Parsed map
2017/10/23 21:14:54 Turn 114
2017/10/23 21:14:54 Final string : d 1 9 d 12 0 d 16 10 d 21 3 d 44 0 d 48 10 t 51 7 60
2017/10/23 21:14:54 --- NEW TURN --- 
2017/10/23 21:14:54     Parsed map
2017/10/23 21:14:54 Turn 115
2017/10/23 21:14:54 Final string : d 1 9 d 12 0 d 16 10 d 21 3 d 44 0 d 48 10 t 51 7 60 t 52 7 -1
2017/10/23 21:14:54 --- NEW TURN --- 
2017/10/23 21:14:54     Parsed map
2017/10/23 21:14:54 Turn 116
2017/10/23 21:14:54 Final string : d 1 9 d 12 0 d 16 10 d 21 3 d 44 0 d 48 10 t 51 7 60 t 52 7 -6 t 53 3 -17
2017/10/23 21:14:54 --- NEW TURN --- 
2017/10/23 21:14:54     Parsed map
2017/10/23 21:14:54 Turn 117
2017/10/23 21:14:54 Final string : d 1 9 d 12 0 d 16 10 d 21 3 d 44 0 d 48 10 t 51 3 61 t 52 3 -13
2017/10/23 21:14:54 --- NEW TURN --- 
2017/10/23 21:14:54     Parsed map
2017/10/23 21:14:54 Turn 118
2017/10/23 21:14:54 Final string : d 1 9 d 12 0 d 16 10 d 21 3 d 44 0 d 48 10 t 51 3 61 t 52 3 -17 t 54 7 -1
2017/10/23 21:14:54 --- NEW TURN --- 
2017/10/23 21:14:54     Parsed map
2017/10/23 21:14:54 Turn 119
2017/10/23 21:14:54 Final string : d 1 9 d 12 0 d 16 10 d 21 3 d 44 0 d 51 1 t 54 7 -6
2017/10/23 21:14:54 --- NEW TURN --- 
2017/10/23 21:14:54     Parsed map
2017/10/23 21:14:54 Turn 120
2017/10/23 21:14:54 Final string : d 1 9 d 12 0 d 16 10 d 21 3 d 44 0 t 54 3 -13 t 55 7 -37 t 56 7 52
2017/10/23 21:14:54 --- NEW TURN --- 
2017/10/23 21:14:54     Parsed map
2017/10/23 21:14:54 Turn 121
2017/10/23 21:14:54 Final string : d 1 9 d 12 0 d 16 10 d 21 3 d 44 0 t 54 3 -22 t 55 3 -45 t 56 3 53 t 57 7 21
2017/10/23 21:14:54 --- NEW TURN --- 
2017/10/23 21:14:54     Parsed map
2017/10/23 21:14:54 Turn 122
2017/10/23 21:14:54 Final string : d 1 9 d 12 0 d 16 10 d 21 3 d 44 0 d 54 10 d 55 3 d 56 0 t 57 7 22
2017/10/23 21:14:54 --- NEW TURN --- 
2017/10/23 21:14:54     Parsed map
2017/10/23 21:14:54 Turn 123
2017/10/23 21:14:54 Final string : d 1 9 d 12 0 d 16 10 d 21 3 d 44 0 d 54 10 t 57 7 21
2017/10/23 21:14:54 --- NEW TURN --- 
2017/10/23 21:14:54     Parsed map
2017/10/23 21:14:54 Turn 124
2017/10/23 21:14:54 Final string : d 1 9 d 12 0 d 16 10 d 21 3 d 44 0 d 54 10 t 57 0 0 t 58 7 52 t 59 7 28
2017/10/23 21:14:54 --- NEW TURN --- 
2017/10/23 21:14:54     Parsed map
2017/10/23 21:14:54 Turn 125
2017/10/23 21:14:54 Final string : d 1 9 d 12 0 d 16 10 d 21 3 d 44 0 d 54 10 t 57 0 0 t 58 3 53 t 59 7 28 t 60 3 25
2017/10/23 21:14:54 --- NEW TURN --- 
2017/10/23 21:14:54     Parsed map
2017/10/23 21:14:54 Turn 126
2017/10/23 21:14:54 Final string : d 1 9 d 12 0 d 16 10 d 21 3 d 44 0 d 54 10 t 57 0 0 t 59 7 28
2017/10/23 21:14:54 --- NEW TURN --- 
2017/10/23 21:14:54     Parsed map
2017/10/23 21:14:54 Turn 127
2017/10/23 21:14:54 Final string : d 1 9 d 12 0 d 16 10 d 21 3 d 44 0 d 54 10 t 57 0 0 t 59 7 21 t 61 7 60
2017/10/23 21:14:54 --- NEW TURN --- 
2017/10/23 21:14:54     Parsed map
2017/10/23 21:14:54 Turn 128
2017/10/23 21:14:54 Final string : d 1 9 d 12 0 d 16 10 d 21 3 d 44 0 d 54 10 t 57 3 17 t 59 3 21 t 61 7 60 t 62 3 63
2017/10/23 21:14:54 --- NEW TURN --- 
2017/10/23 21:14:54     Parsed map
2017/10/23 21:14:54 Turn 129
2017/10/23 21:14:54 Final string : d 1 9 d 12 0 d 16 10 d 21 3 d 44 0 d 54 10 t 57 3 18 t 59 3 22 t 61 7 60 t 62 0 0
2017/10/23 21:14:54 --- NEW TURN --- 
2017/10/23 21:14:54     Parsed map
2017/10/23 21:14:54 Turn 130
2017/10/23 21:14:54 Final string : d 1 9 d 12 0 d 16 10 d 21 3 d 44 0 d 54 10 t 57 3 20 t 59 3 33 t 61 7 60 t 62 0 0 t 63 7 60
2017/10/23 21:14:54 --- NEW TURN --- 
2017/10/23 21:14:54     Parsed map
2017/10/23 21:14:54 Turn 131
2017/10/23 21:14:54 Final string : d 1 9 d 12 0 d 16 10 d 21 3 d 44 0 d 54 10 t 57 3 27 t 59 3 33 t 61 7 60 t 62 0 0 t 63 7 60 t 64 3 26
2017/10/23 21:14:54 --- NEW TURN --- 
2017/10/23 21:14:54     Parsed map
2017/10/23 21:14:54 Turn 132
2017/10/23 21:14:54 Final string : d 1 9 d 12 0 d 16 10 d 21 3 d 54 10 t 57 3 29 d 59 3 t 61 3 61 t 62 0 0 t 63 7 60 t 65 3 -17
2017/10/23 21:14:54 --- NEW TURN --- 
2017/10/23 21:14:54     Parsed map
2017/10/23 21:14:54 Turn 133
2017/10/23 21:14:54 Final string : d 1 9 d 12 0 d 16 10 d 21 3 d 54 10 t 57 0 0 d 59 3 t 61 3 61 t 62 0 0 t 63 7 60 d 65 3 t 66 7 -1
2017/10/23 21:14:54 --- NEW TURN --- 
2017/10/23 21:14:54     Parsed map
2017/10/23 21:14:54 Turn 134
2017/10/23 21:14:54 Final string : d 1 9 d 12 0 d 16 10 d 21 3 d 54 10 t 57 0 0 d 59 3 t 62 0 0 t 63 7 60 t 66 7 -6
2017/10/23 21:14:54 --- NEW TURN --- 
2017/10/23 21:14:54     Parsed map
2017/10/23 21:14:54 Turn 135
2017/10/23 21:14:54 Final string : d 1 9 d 12 0 d 16 10 d 21 3 d 54 10 t 57 0 0 d 59 3 t 62 0 0 t 63 3 61 t 66 3 -13
2017/10/23 21:14:54 --- NEW TURN --- 
2017/10/23 21:14:54     Parsed map
2017/10/23 21:14:54 Turn 136
2017/10/23 21:14:54 Final string : d 1 9 d 12 0 d 16 10 d 21 3 d 54 10 t 57 0 0 d 59 3 t 62 0 0 t 63 3 61 t 66 3 -17 t 67 3 -17 t 68 7 -1
2017/10/23 21:14:54 --- NEW TURN --- 
2017/10/23 21:14:54     Parsed map
2017/10/23 21:14:54 Turn 137
2017/10/23 21:14:54 Final string : d 1 9 d 12 0 d 16 10 d 21 3 t 57 0 0 d 59 3 t 62 0 0 d 63 1 t 68 7 -6 d 69 3
2017/10/23 21:14:54 --- NEW TURN --- 
2017/10/23 21:14:54     Parsed map
2017/10/23 21:14:54 Turn 138
2017/10/23 21:14:54 Final string : d 1 9 d 12 0 d 16 10 d 21 3 t 57 0 0 d 59 3 t 62 0 0 t 68 3 -13
2017/10/23 21:14:54 --- NEW TURN --- 
2017/10/23 21:14:54     Parsed map
2017/10/23 21:14:54 Turn 139
2017/10/23 21:14:54 Final string : d 1 9 d 12 0 d 16 10 d 21 3 t 57 0 0 d 59 3 t 62 0 0 t 68 3 -22 t 70 7 -1
2017/10/23 21:14:54 --- NEW TURN --- 
2017/10/23 21:14:54     Parsed map
2017/10/23 21:14:54 Turn 140
2017/10/23 21:14:54 Final string : d 1 9 d 12 0 d 16 10 d 21 3 t 57 0 0 d 59 3 t 62 0 0 d 68 10 t 70 7 -6 t 71 3 -17
2017/10/23 21:14:54 --- NEW TURN --- 
2017/10/23 21:14:54     Parsed map
2017/10/23 21:14:54 Turn 141
2017/10/23 21:14:54 Final string : d 1 9 d 12 0 d 16 10 d 21 3 t 57 0 0 d 59 3 t 62 0 0 d 68 10 t 70 3 -13 d 71 3 t 72 3 26
2017/10/23 21:14:54 --- NEW TURN --- 
2017/10/23 21:14:54     Parsed map
2017/10/23 21:14:54 Turn 142
2017/10/23 21:14:54 Final string : d 1 9 d 12 0 d 16 10 t 21 7 110 t 57 7 103 t 59 7 109 t 62 0 0 d 68 10 t 70 3 -17 d 72 0 t 73 7 60
2017/10/23 21:14:54 --- NEW TURN --- 
2017/10/23 21:14:54     Parsed map
2017/10/23 21:14:54 Turn 143
2017/10/23 21:14:54 Final string : d 1 9 d 12 0 d 16 10 t 57 7 103 t 59 7 110 t 62 0 0 d 72 0 t 73 7 60
2017/10/23 21:14:54 --- NEW TURN --- 
2017/10/23 21:14:54     Parsed map
2017/10/23 21:14:54 Turn 144
2017/10/23 21:14:54 Final string : d 1 9 d 12 0 d 16 10 t 62 0 0 d 72 0 t 73 7 60 t 74 7 52
2017/10/23 21:14:54 --- NEW TURN --- 
2017/10/23 21:14:54     Parsed map
2017/10/23 21:14:54 Turn 145
2017/10/23 21:14:54 Final string : d 1 9 d 12 0 d 16 10 d 72 0 t 73 7 60 t 75 7 60
2017/10/23 21:14:54 --- NEW TURN --- 
2017/10/23 21:14:54     Parsed map
2017/10/23 21:14:54 Turn 146
2017/10/23 21:14:54 Final string : d 1 9 d 12 0 d 16 10 d 72 0 t 73 7 60 t 75 7 60 t 76 3 72
2017/10/23 21:14:54 --- NEW TURN --- 
2017/10/23 21:14:54     Parsed map
2017/10/23 21:14:54 Turn 147
2017/10/23 21:14:54 Final string : d 1 9 d 12 0 d 16 10 d 72 0 t 73 3 61 t 75 7 60 d 76 0
2017/10/23 21:14:54 --- NEW TURN --- 
2017/10/23 21:14:54     Parsed map
2017/10/23 21:14:54 Turn 148
2017/10/23 21:14:54 Final string : d 1 9 d 12 0 d 16 10 d 72 0 t 73 3 61 t 75 7 60 d 77 1 t 78 3 63 t 79 7 60
2017/10/23 21:14:54 --- NEW TURN --- 
2017/10/23 21:14:54     Parsed map
2017/10/23 21:14:54 Turn 149
2017/10/23 21:14:54 Final string : d 1 9 d 12 0 d 16 10 d 72 0 t 75 7 60 t 78 0 0 t 79 7 60
2017/10/23 21:14:54 --- NEW TURN --- 
2017/10/23 21:14:54     Parsed map
2017/10/23 21:14:54 Turn 150
2017/10/23 21:14:54 Final string : d 1 9 d 12 0 d 16 10 d 72 0 t 75 3 61 t 78 0 0 t 79 7 60 t 80 3 72
2017/10/23 21:14:54 --- NEW TURN --- 
2017/10/23 21:14:54     Parsed map
2017/10/23 21:14:54 Turn 151
2017/10/23 21:14:54 Final string : d 1 9 d 12 0 d 16 10 d 72 0 t 75 3 61 t 78 0 0 t 79 7 60 t 81 7 60
2017/10/23 21:14:54 --- NEW TURN --- 
2017/10/23 21:14:54     Parsed map
2017/10/23 21:14:54 Turn 152
2017/10/23 21:14:54 Final string : d 1 9 d 12 0 d 16 10 d 72 0 d 75 1 t 78 0 0 t 79 7 60 t 81 7 60 t 82 7 52
2017/10/23 21:14:54 --- NEW TURN --- 
2017/10/23 21:14:54     Parsed map
2017/10/23 21:14:54 Turn 153
2017/10/23 21:14:54 Final string : d 1 9 d 12 0 d 16 10 d 72 0 t 79 7 124 t 81 7 106
2017/10/23 21:14:54 --- NEW TURN --- 
2017/10/23 21:14:54     Parsed map
2017/10/23 21:14:54 Turn 154
2017/10/23 21:14:54 Final string : d 1 9 d 12 0 d 16 10 d 72 0 t 79 7 124 t 81 7 106 t 83 7 -29 t 84 7 -1
2017/10/23 21:14:54 --- NEW TURN --- 
2017/10/23 21:14:54     Parsed map
2017/10/23 21:14:54 Turn 155
2017/10/23 21:14:54 Final string : d 1 9 d 12 0 d 16 10 d 72 0 t 79 7 124 t 81 7 106 t 84 7 -6
2017/10/23 21:14:54 --- NEW TURN --- 
2017/10/23 21:14:54     Parsed map
2017/10/23 21:14:54 Turn 156
2017/10/23 21:14:54 Final string : d 1 9 d 12 0 d 16 10 d 72 0 t 79 7 124 t 81 7 106 t 84 3 -13 t 85 7 150 t 86 3 63
2017/10/23 21:14:54 --- NEW TURN --- 
2017/10/23 21:14:54     Parsed map
2017/10/23 21:14:54 Turn 157
2017/10/23 21:14:54 Final string : d 1 9 d 12 0 d 16 10 d 72 0 t 79 3 125 t 81 7 106 t 84 3 -22 t 86 0 0 t 87 7 147
2017/10/23 21:14:54 --- NEW TURN --- 
2017/10/23 21:14:54     Parsed map
2017/10/23 21:14:54 Turn 158
2017/10/23 21:14:54 Final string : d 1 9 d 12 0 d 16 10 d 72 0 t 79 3 125 t 81 7 106 d 84 10 t 86 0 0 t 88 3 72
2017/10/23 21:14:54 --- NEW TURN --- 
2017/10/23 21:14:54     Parsed map
2017/10/23 21:14:54 Turn 159
2017/10/23 21:14:54 Final string : d 1 9 d 12 0 d 16 10 d 72 0 d 79 7 t 81 3 107 d 84 10 t 86 0 0 d 88 0
2017/10/23 21:14:54 --- NEW TURN --- 
2017/10/23 21:14:54     Parsed map
2017/10/23 21:14:54 Turn 160
2017/10/23 21:14:54 Final string : d 1 9 d 12 0 d 16 10 d 72 0 d 79 7 t 81 3 107 d 84 10 t 86 0 0 t 89 7 -67 t 90 7 -1
2017/10/23 21:14:54 --- NEW TURN --- 
2017/10/23 21:14:54     Parsed map
2017/10/23 21:14:54 Turn 161
2017/10/23 21:14:54 Final string : d 1 9 d 12 0 d 16 10 d 72 0 d 79 7 d 81 7 d 84 10 t 86 0 0 t 89 7 -28 t 90 7 -6 t 91 7 150
2017/10/23 21:14:54 --- NEW TURN --- 
2017/10/23 21:14:54     Parsed map
2017/10/23 21:14:54 Turn 162
2017/10/23 21:14:54 Final string : d 1 9 d 12 0 d 16 10 d 72 0 d 79 7 d 84 10 t 86 0 0 t 90 3 -13 t 92 3 72
2017/10/23 21:14:54 --- NEW TURN --- 
2017/10/23 21:14:54     Parsed map
2017/10/23 21:14:54 Turn 163
2017/10/23 21:14:54 Final string : d 1 9 d 12 0 d 16 10 d 72 0 d 79 7 d 84 10 t 86 0 0 t 90 3 -17 t 93 7 147
2017/10/23 21:14:54 --- NEW TURN --- 
2017/10/23 21:14:54     Parsed map
2017/10/23 21:14:54 Turn 164
2017/10/23 21:14:54 Final string : d 1 9 d 12 0 d 16 10 d 72 0 d 79 7 t 86 0 0 t 94 7 52
2017/10/23 21:14:54 --- NEW TURN --- 
2017/10/23 21:14:54     Parsed map
2017/10/23 21:14:54 Turn 165
2017/10/23 21:14:54 Final string : d 1 9 d 12 0 d 16 10 d 72 0 d 79 7 t 95 7 150
2017/10/23 21:14:54 --- NEW TURN --- 
2017/10/23 21:14:54     Parsed map
2017/10/23 21:14:54 Turn 166
2017/10/23 21:14:54 Final string : d 1 9 d 12 0 d 16 10 d 72 0 d 79 7 t 96 3 72 t 97 7 147
2017/10/23 21:14:54 --- NEW TURN --- 
2017/10/23 21:14:54     Parsed map
2017/10/23 21:14:54 Turn 167
2017/10/23 21:14:54 Final string : d 1 9 d 12 0 d 16 10 d 72 0 d 79 7 d 96 0
2017/10/23 21:14:54 --- NEW TURN --- 
2017/10/23 21:14:54     Parsed map
2017/10/23 21:14:54 Turn 168
2017/10/23 21:14:54 Final string : d 1 9 d 12 0 d 16 10 d 72 0 d 79 7 t 98 3 63
2017/10/23 21:14:54 --- NEW TURN --- 
2017/10/23 21:14:54     Parsed map
2017/10/23 21:14:54 Turn 169
2017/10/23 21:14:54 Final string : d 1 9 d 12 0 d 16 10 d 72 0 d 79 7 t 98 0 0 t 99 7 150 t 100 7 -1
2017/10/23 21:14:54 --- NEW TURN --- 
2017/10/23 21:14:54     Parsed map
2017/10/23 21:14:54 Turn 170
2017/10/23 21:14:54 Final string : d 1 9 d 12 0 d 16 10 d 72 0 d 79 7 t 98 0 0 t 100 7 -6 t 101 7 -29
2017/10/23 21:14:54 --- NEW TURN --- 
2017/10/23 21:14:54     Parsed map
2017/10/23 21:14:54 Turn 171
2017/10/23 21:14:54 Final string : d 1 9 d 12 0 d 16 10 d 72 0 d 79 7 t 98 0 0 t 100 3 -13
2017/10/23 21:14:54 --- NEW TURN --- 
2017/10/23 21:14:54     Parsed map
2017/10/23 21:14:54 Turn 172
2017/10/23 21:14:54 Final string : d 1 9 d 12 0 d 16 10 d 72 0 d 79 7 t 98 0 0 t 100 3 -22 t 102 7 52 t 103 7 147
2017/10/23 21:14:54 --- NEW TURN --- 
2017/10/23 21:14:54     Parsed map
2017/10/23 21:14:54 Turn 173
2017/10/23 21:14:54 Final string : d 1 9 d 12 0 d 16 10 d 72 0 d 79 7 d 100 10 t 104 3 25
2017/10/23 21:14:54 --- NEW TURN --- 
2017/10/23 21:14:54     Parsed map
2017/10/23 21:14:54 Turn 174
2017/10/23 21:14:54 Final string : d 1 9 d 12 0 d 16 10 d 72 0 d 79 7 d 100 10 t 105 3 153 t 106 3 72
2017/10/23 21:14:54 --- NEW TURN --- 
2017/10/23 21:14:54     Parsed map
2017/10/23 21:14:54 Turn 175
2017/10/23 21:14:54 Final string : d 1 9 d 16 10 d 72 0 d 79 7 d 100 10 t 107 7 60
2017/10/23 21:14:54 --- NEW TURN --- 
2017/10/23 21:14:54     Parsed map
2017/10/23 21:14:54 Turn 176
2017/10/23 21:14:54 Final string : d 1 9 d 16 10 d 72 0 d 79 7 d 100 10 t 107 7 60 t 108 3 63
2017/10/23 21:14:54 --- NEW TURN --- 
2017/10/23 21:14:54     Parsed map
2017/10/23 21:14:54 Turn 177
2017/10/23 21:14:54 Final string : d 1 9 d 16 10 d 72 0 d 79 7 d 100 10 t 107 7 60 t 108 0 0
2017/10/23 21:14:54 --- NEW TURN --- 
2017/10/23 21:14:54     Parsed map
2017/10/23 21:14:54 Turn 178
2017/10/23 21:14:54 Final string : d 1 9 d 16 10 d 72 0 d 79 7 d 100 10 t 107 7 60 t 108 0 0 d 109 1 t 110 3 72 t 111 7 60 t 112 7 11
2017/10/23 21:14:54 --- NEW TURN --- 
2017/10/23 21:14:54     Parsed map
2017/10/23 21:14:54 Turn 179
2017/10/23 21:14:54 Final string : d 1 9 d 16 10 d 72 0 d 79 7 d 100 10 t 107 7 117 t 108 0 0 d 110 0 t 111 7 102 t 112 7 11
2017/10/23 21:14:54 --- NEW TURN --- 
2017/10/23 21:14:54     Parsed map
2017/10/23 21:14:54 Turn 180
2017/10/23 21:14:54 Final string : d 1 9 d 16 10 d 72 0 d 79 7 d 100 10 t 107 7 117 t 108 0 0 t 111 7 102 t 112 7 11 t 113 7 -67
2017/10/23 21:14:54 --- NEW TURN --- 
2017/10/23 21:14:54     Parsed map
2017/10/23 21:14:54 Turn 181
2017/10/23 21:14:54 Final string : d 1 9 d 16 10 d 72 0 d 79 7 d 100 10 t 107 7 128 t 108 0 0 t 111 7 102 t 112 7 11 t 113 7 -28 t 114 7 -1
2017/10/23 21:14:54 --- NEW TURN --- 
2017/10/23 21:14:54     Parsed map
2017/10/23 21:14:54 Turn 182
2017/10/23 21:14:54 Final string : d 1 9 d 16 10 d 72 0 d 79 7 d 100 10 t 107 7 107 t 108 0 0 t 111 7 102 t 112 3 11 t 114 7 -6 t 115 7 -29
2017/10/23 21:14:54 --- NEW TURN --- 
2017/10/23 21:14:54     Parsed map
2017/10/23 21:14:54 Turn 183
2017/10/23 21:14:54 Final string : d 1 9 d 16 10 d 72 0 d 79 7 d 100 10 t 107 3 128 t 108 0 0 t 111 7 102 t 112 3 11 t 114 3 -13
2017/10/23 21:14:54 --- NEW TURN --- 
2017/10/23 21:14:54     Parsed map
2017/10/23 21:14:54 Turn 184
2017/10/23 21:14:54 Final string : d 1 9 d 16 10 d 72 0 d 79 7 d 100 10 t 107 3 116 t 108 0 0 t 111 7 102 d 112 8 t 114 3 -17 t 116 3 25 t 117 7 -67 t 118 7 -1
2017/10/23 21:14:54 --- NEW TURN --- 
2017/10/23 21:14:54     Parsed map
2017/10/23 21:14:54 Turn 185
2017/10/23 21:14:54 Final string : d 1 9 d 16 10 d 72 0 d 79 7 t 107 3 108 t 108 0 0 t 111 7 102 d 112 8 t 117 7 119 t 118 7 -6
2017/10/23 21:14:54 --- NEW TURN --- 
2017/10/23 21:14:54     Parsed map
2017/10/23 21:14:54 Turn 186
2017/10/23 21:14:54 Final string : d 1 9 d 16 10 d 72 0 d 79 7 t 107 0 180 t 108 0 0 t 111 3 102 d 112 8 t 117 3 119 t 118 3 -13 t 119 7 142
2017/10/23 21:14:54 --- NEW TURN --- 
2017/10/23 21:14:54     Parsed map
2017/10/23 21:14:54 Turn 187
2017/10/23 21:14:54 Final string : d 1 9 d 16 10 d 72 0 d 79 7 t 107 0 180 d 108 2 d 111 7 d 112 8 t 118 3 -22 t 119 3 143 t 120 7 -1
2017/10/23 21:14:54 --- NEW TURN --- 
2017/10/23 21:14:54     Parsed map
2017/10/23 21:14:54 Turn 188
2017/10/23 21:14:54 Final string : d 1 9 d 16 10 d 72 0 d 79 7 t 107 0 180 d 108 2 d 111 7 d 112 8 d 118 10 d 119 1 t 120 7 -6
2017/10/23 21:14:54 --- NEW TURN --- 
2017/10/23 21:14:54     Parsed map
2017/10/23 21:14:54 Turn 189
2017/10/23 21:14:54 Final string : d 1 9 d 16 10 d 72 0 d 79 7 t 107 0 180 d 108 2 d 111 7 d 112 8 d 118 10 t 120 3 -13 t 121 7 137
2017/10/23 21:14:54 --- NEW TURN --- 
2017/10/23 21:14:54     Parsed map
2017/10/23 21:14:54 Turn 190
2017/10/23 21:14:54 Final string : d 1 9 d 16 10 d 72 0 d 79 7 t 107 0 180 d 108 2 d 111 7 d 112 8 d 118 10 t 120 3 -17 t 122 3 -107 t 123 7 -29 t 124 7 -1 d 125 7
2017/10/23 21:14:54 --- NEW TURN --- 
2017/10/23 21:14:54     Parsed map
2017/10/23 21:14:54 Turn 191
2017/10/23 21:14:54 Final string : d 1 9 d 16 10 d 72 0 d 79 7 t 107 0 180 d 108 2 d 111 7 d 112 8 d 122 2 t 124 7 -6
2017/10/23 21:14:54 --- NEW TURN --- 
2017/10/23 21:14:54     Parsed map
2017/10/23 21:14:54 Turn 192
2017/10/23 21:14:54 Final string : d 1 9 d 16 10 d 72 0 d 79 7 t 107 0 180 d 108 2 d 111 7 d 112 8 t 124 3 -13
2017/10/23 21:14:54 --- NEW TURN --- 
2017/10/23 21:14:54     Parsed map
2017/10/23 21:14:54 Turn 193
2017/10/23 21:14:54 Final string : d 1 9 d 16 10 d 72 0 d 79 7 t 107 0 180 d 108 2 d 111 7 d 112 8 t 124 3 -22 t 126 7 -1
2017/10/23 21:14:54 --- NEW TURN --- 
2017/10/23 21:14:54     Parsed map
2017/10/23 21:14:54 Turn 194
2017/10/23 21:14:54 Final string : d 1 9 d 16 10 d 72 0 d 79 7 t 107 0 180 d 108 2 d 111 7 d 112 8 d 124 10 t 126 7 -6 t 127 7 -29
2017/10/23 21:14:54 --- NEW TURN --- 
2017/10/23 21:14:54     Parsed map
2017/10/23 21:14:54 Turn 195
2017/10/23 21:14:54 Final string : d 1 9 d 16 10 d 72 0 d 79 7 t 107 0 180 d 111 7 d 112 8 d 124 10 t 126 3 -13 t 128 3 -107
2017/10/23 21:14:54 --- NEW TURN --- 
2017/10/23 21:14:54     Parsed map
2017/10/23 21:14:54 Turn 196
2017/10/23 21:14:54 Final string : d 1 9 d 16 10 d 72 0 d 79 7 t 107 0 180 d 111 7 d 112 8 d 124 10 t 126 3 -17 t 129 7 147
2017/10/23 21:14:54 --- NEW TURN --- 
2017/10/23 21:14:54     Parsed map
2017/10/23 21:14:54 Turn 197
2017/10/23 21:14:54 Final string : d 1 9 d 16 10 d 72 0 d 79 7 t 107 0 180 d 111 7 d 112 8
2017/10/23 21:14:54 --- NEW TURN --- 
2017/10/23 21:14:54     Parsed map
2017/10/23 21:14:54 Turn 198
2017/10/23 21:14:54 Final string : d 1 9 d 16 10 d 72 0 d 79 7 t 107 0 180 d 111 7 d 112 8
2017/10/23 21:14:54 --- NEW TURN --- 
2017/10/23 21:14:54     Parsed map
2017/10/23 21:14:54 Turn 199
2017/10/23 21:14:54 Final string : d 1 9 d 16 10 d 72 0 d 79 7 t 107 0 180 d 111 7 d 112 8 t 130 3 -107 t 131 7 147 t 132 7 7
2017/10/23 21:14:54 --- NEW TURN --- 
2017/10/23 21:14:54     Parsed map
2017/10/23 21:14:54 Turn 200
2017/10/23 21:14:54 Final string : d 1 9 d 16 10 d 72 0 d 79 7 t 107 0 180 d 111 7 d 112 8 d 130 2 t 132 7 7
2017/10/23 21:14:54 --- NEW TURN --- 
2017/10/23 21:14:54     Parsed map
2017/10/23 21:14:54 Turn 201
2017/10/23 21:14:54 Final string : d 1 9 d 16 10 d 72 0 d 79 7 t 107 0 180 d 111 7 d 112 8 t 132 7 7 t 133 7 137
2017/10/23 21:14:54 --- NEW TURN --- 
2017/10/23 21:14:54     Parsed map
2017/10/23 21:14:54 Turn 202
2017/10/23 21:14:54 Final string : d 1 9 d 16 10 d 72 0 d 79 7 t 107 0 180 d 111 7 d 112 8 t 132 7 7 t 134 7 -1
2017/10/23 21:14:54 --- NEW TURN --- 
2017/10/23 21:14:54     Parsed map
2017/10/23 21:14:54 Turn 203
2017/10/23 21:14:54 Final string : d 1 9 d 16 10 d 72 0 d 79 7 t 107 0 180 d 111 7 d 112 8 t 132 3 7 t 134 7 -6 t 135 7 140
2017/10/23 21:14:54 --- NEW TURN --- 
2017/10/23 21:14:54     Parsed map
2017/10/23 21:14:54 Turn 204
2017/10/23 21:14:54 Final string : d 1 9 d 16 10 d 72 0 d 79 7 t 107 0 180 d 111 7 d 112 8 d 132 8 t 134 3 -13
2017/10/23 21:14:54 --- NEW TURN --- 
2017/10/23 21:14:54     Parsed map
2017/10/23 21:14:54 Turn 205
2017/10/23 21:14:54 Final string : d 1 9 d 16 10 d 72 0 d 79 7 t 107 0 180 d 111 7 d 112 8 d 132 8 t 134 3 -22 t 136 7 -1 d 137 7
2017/10/23 21:14:54 --- NEW TURN --- 
2017/10/23 21:14:54     Parsed map
2017/10/23 21:14:54 Turn 206
2017/10/23 21:14:54 Final string : d 1 9 d 16 10 d 72 0 d 79 7 t 107 0 180 d 111 7 d 112 8 d 132 8 d 134 10 t 136 7 -6
2017/10/23 21:14:54 --- NEW TURN --- 
2017/10/23 21:14:54     Parsed map
2017/10/23 21:14:54 Turn 207
2017/10/23 21:14:54 Final string : d 1 9 d 16 10 d 72 0 d 79 7 t 107 0 180 d 111 7 d 112 8 d 132 8 d 134 10 t 136 3 -13 t 138 3 -107
2017/10/23 21:14:54 --- NEW TURN --- 
2017/10/23 21:14:54     Parsed map
2017/10/23 21:14:54 Turn 208
2017/10/23 21:14:54 Final string : d 1 9 d 16 10 d 72 0 d 79 7 t 107 0 180 d 111 7 d 112 8 d 132 8 d 134 10 t 136 3 -17 d 138 2 t 139 7 147
2017/10/23 21:14:54 --- NEW TURN --- 
2017/10/23 21:14:54     Parsed map
2017/10/23 21:14:54 Turn 209
2017/10/23 21:14:54 Final string : d 1 9 d 16 10 d 72 0 d 79 7 t 107 0 180 d 111 7 d 112 8 d 132 8
2017/10/23 21:14:54 --- NEW TURN --- 
2017/10/23 21:14:54     Parsed map
2017/10/23 21:14:54 Turn 210
2017/10/23 21:14:54 Final string : d 1 9 d 16 10 d 72 0 d 79 7 t 107 0 180 d 111 7 d 112 8 d 132 8
2017/10/23 21:14:54 --- NEW TURN --- 
2017/10/23 21:14:54     Parsed map
2017/10/23 21:14:54 Turn 211
2017/10/23 21:14:54 Final string : d 1 9 d 16 10 d 72 0 d 79 7 t 107 3 118 d 111 7 d 112 8 d 132 8 t 140 3 -107 t 141 7 147 t 142 7 -49
2017/10/23 21:14:54 --- NEW TURN --- 
2017/10/23 21:14:54     Parsed map
2017/10/23 21:14:54 Turn 212
2017/10/23 21:14:54 Final string : d 1 9 d 16 10 d 72 0 d 107 7 d 111 7 d 112 8 d 132 8
2017/10/23 21:14:54 --- NEW TURN --- 
2017/10/23 21:14:54     Parsed map
2017/10/23 21:14:54 Turn 213
2017/10/23 21:14:54 Final string : d 1 9 d 16 10 d 72 0 t 111 7 -158 d 112 8 d 132 8 t 143 7 -32
2017/10/23 21:14:54 --- NEW TURN --- 
2017/10/23 21:14:54     Parsed map
2017/10/23 21:14:54 Turn 214
2017/10/23 21:14:54 Final string : d 1 9 d 16 10 d 72 0 t 111 7 -161 d 112 8 d 132 8 t 143 7 -35 t 144 7 -1
2017/10/23 21:14:54 --- NEW TURN --- 
2017/10/23 21:14:54     Parsed map
2017/10/23 21:14:54 Turn 215
2017/10/23 21:14:54 Final string : d 1 9 d 16 10 d 72 0 t 111 7 -164 d 112 8 d 132 8 t 143 7 -37 t 144 7 -6 t 145 7 -70 t 146 7 0
2017/10/23 21:14:54 --- NEW TURN --- 
2017/10/23 21:14:54     Parsed map
2017/10/23 21:14:54 Turn 216
2017/10/23 21:14:54 Final string : d 1 9 d 16 10 d 72 0 t 111 7 -167 d 112 8 d 132 8 t 143 7 -40 t 144 3 -13 t 145 7 -33 t 146 7 0
2017/10/23 21:14:54 --- NEW TURN --- 
2017/10/23 21:14:54     Parsed map
2017/10/23 21:14:54 Turn 217
2017/10/23 21:14:54 Final string : d 1 9 d 16 10 d 72 0 t 111 7 -174 d 112 8 d 132 8 t 143 7 -44 t 144 3 -22 t 145 7 -35 t 146 7 0 t 147 7 147
2017/10/23 21:14:54 --- NEW TURN --- 
2017/10/23 21:14:54     Parsed map
2017/10/23 21:14:54 Turn 218
2017/10/23 21:14:54 Final string : d 1 9 d 16 10 d 72 0 t 111 7 -176 d 112 8 d 132 8 t 143 7 -48 d 144 10 t 145 7 -38 t 146 7 0 t 148 7 0
2017/10/23 21:14:54 --- NEW TURN --- 
2017/10/23 21:14:54     Parsed map
2017/10/23 21:14:54 Turn 219
2017/10/23 21:14:54 Final string : d 1 9 d 16 10 d 72 0 t 111 3 176 d 112 8 d 132 8 t 143 3 -54 d 144 10 t 145 7 -41 t 146 3 0 t 148 7 0 t 149 7 -35
2017/10/23 21:14:54 --- NEW TURN --- 
2017/10/23 21:14:54     Parsed map
2017/10/23 21:14:54 Turn 220
2017/10/23 21:14:54 Final string : d 16 10 d 72 0 d 112 8 d 132 8 t 143 3 -57 d 144 10 t 145 7 -45 d 146 8 t 148 7 0 t 149 7 -37 t 150 7 -1
2017/10/23 21:14:54 --- NEW TURN --- 
2017/10/23 21:14:54     Parsed map
2017/10/23 21:14:54 Turn 221
2017/10/23 21:14:54 Final string : d 16 10 d 72 0 d 112 8 d 132 8 d 143 5 d 144 10 t 145 7 -49 d 146 8 t 148 7 0 t 149 7 -40 t 150 7 -6 t 151 7 -150
2017/10/23 21:14:54 --- NEW TURN --- 
2017/10/23 21:14:54     Parsed map
2017/10/23 21:14:54 Turn 222
2017/10/23 21:14:54 Final string : d 16 10 d 72 0 d 112 8 d 132 8 d 144 10 t 145 3 -55 d 146 8 t 148 3 0 t 149 7 -42 t 150 3 -13
2017/10/23 21:14:54 --- NEW TURN --- 
2017/10/23 21:14:54     Parsed map
2017/10/23 21:14:54 Turn 223
2017/10/23 21:14:54 Final string : d 16 10 d 72 0 d 112 8 d 132 8 d 144 10 t 145 3 -59 t 149 7 -45 t 150 3 -17 t 152 3 -107 t 153 7 147
2017/10/23 21:14:54 --- NEW TURN --- 
2017/10/23 21:14:54     Parsed map
2017/10/23 21:14:54 Turn 224
2017/10/23 21:14:54 Final string : d 16 10 d 72 0 d 112 8 d 132 8 t 149 7 -49 d 152 2 t 154 7 0
2017/10/23 21:14:54 --- NEW TURN --- 
2017/10/23 21:14:54     Parsed map
2017/10/23 21:14:54 Turn 225
2017/10/23 21:14:54 Final string : d 16 10 d 72 0 d 112 8 d 132 8 t 149 7 -53 t 154 7 0 t 155 7 -32
2017/10/23 21:14:54 --- NEW TURN --- 
2017/10/23 21:14:54     Parsed map
2017/10/23 21:14:54 Turn 226
2017/10/23 21:14:54 Final string : d 16 10 d 72 0 d 112 8 d 132 8 t 149 3 -60 t 154 7 0 t 155 7 -35
2017/10/23 21:14:54 --- NEW TURN --- 
2017/10/23 21:14:54     Parsed map
2017/10/23 21:14:54 Turn 227
2017/10/23 21:14:54 Final string : d 16 10 d 72 0 d 112 8 d 132 8 t 149 3 -63 t 154 7 0 t 155 7 -37 t 156 3 -107 t 157 7 -150
2017/10/23 21:14:54 --- NEW TURN --- 
2017/10/23 21:14:54     Parsed map
2017/10/23 21:14:54 Turn 228
2017/10/23 21:14:54 Final string : d 16 10 d 72 0 d 112 8 d 132 8 d 149 5 t 154 3 0 t 155 7 -40
2017/10/23 21:14:54 --- NEW TURN --- 
2017/10/23 21:14:54     Parsed map
2017/10/23 21:14:54 Turn 229
2017/10/23 21:14:54 Final string : d 16 10 d 72 0 d 112 8 d 132 8 d 154 8 t 155 7 -44
2017/10/23 21:14:54 --- NEW TURN --- 
2017/10/23 21:14:54     Parsed map
2017/10/23 21:14:54 Turn 230
2017/10/23 21:14:54 Final string : d 16 10 d 72 0 d 112 8 d 132 8 d 154 8 t 155 7 -48 t 158 7 0
2017/10/23 21:14:54 --- NEW TURN --- 
2017/10/23 21:14:54     Parsed map
2017/10/23 21:14:54 Turn 231
2017/10/23 21:14:54 Final string : d 16 10 d 72 0 d 112 8 d 132 8 d 154 8 t 155 3 -54 t 158 7 0 t 159 7 -35
2017/10/23 21:14:54 --- NEW TURN --- 
2017/10/23 21:14:54     Parsed map
2017/10/23 21:14:54 Turn 232
2017/10/23 21:14:54 Final string : d 16 10 d 72 0 d 112 8 d 132 8 d 154 8 t 155 3 -57 t 158 7 0 t 159 7 -37
2017/10/23 21:14:54 --- NEW TURN --- 
2017/10/23 21:14:54     Parsed map
2017/10/23 21:14:54 Turn 233
2017/10/23 21:14:54 Final string : d 16 10 d 72 0 d 112 8 d 132 8 d 154 8 d 155 5 t 158 7 0 t 159 7 -40 t 160 7 0
2017/10/23 21:14:54 --- NEW TURN --- 
2017/10/23 21:14:54     Parsed map
2017/10/23 21:14:54 Turn 234
2017/10/23 21:14:54 Final string : d 16 10 d 72 0 d 112 8 d 132 8 d 154 8 t 158 3 0 t 159 7 -42 t 160 7 0
2017/10/23 21:14:54 --- NEW TURN --- 
2017/10/23 21:14:54     Parsed map
2017/10/23 21:14:54 Turn 235
2017/10/23 21:14:54 Final string : d 16 10 d 72 0 d 112 8 d 132 8 t 159 7 -45 t 160 7 0 t 161 7 -35
2017/10/23 21:14:54 --- NEW TURN --- 
2017/10/23 21:14:54     Parsed map
2017/10/23 21:14:54 Turn 236
2017/10/23 21:14:54 Final string : d 16 10 d 72 0 d 112 8 d 132 8 t 159 7 -49 t 160 7 0 t 161 7 -37 t 162 7 0
2017/10/23 21:14:54 --- NEW TURN --- 
2017/10/23 21:14:54     Parsed map
2017/10/23 21:14:54 Turn 237
2017/10/23 21:14:54 Final string : d 16 10 d 72 0 d 112 8 d 132 8 t 159 3 -63 t 160 3 0 t 161 7 -40 t 162 7 0 t 163 7 -32
2017/10/23 21:14:54 --- NEW TURN --- 
2017/10/23 21:14:54     Parsed map
2017/10/23 21:14:54 Turn 238
2017/10/23 21:14:54 Final string : d 16 10 d 72 0 d 112 8 d 132 8 t 159 3 -81 d 160 8 t 161 7 -42 t 162 7 0 t 163 7 -35
2017/10/23 21:14:54 --- NEW TURN --- 
2017/10/23 21:14:54     Parsed map
2017/10/23 21:14:54 Turn 239
2017/10/23 21:14:54 Final string : d 16 10 d 72 0 d 112 8 d 132 8 t 159 3 -63 d 160 8 t 161 7 -45 t 162 7 0 t 163 7 -37 t 164 3 -107 t 165 7 -150
2017/10/23 21:14:54 --- NEW TURN --- 
2017/10/23 21:14:54     Parsed map
2017/10/23 21:14:54 Turn 240
2017/10/23 21:14:54 Final string : d 16 10 d 72 0 d 112 8 d 132 8 t 159 3 -54 d 160 8 t 161 7 -77 t 162 3 0 t 163 7 -40 d 164 2
2017/10/23 21:14:54 --- NEW TURN --- 
2017/10/23 21:14:54     Parsed map
2017/10/23 21:14:54 Turn 241
2017/10/23 21:14:54 Final string : d 16 10 d 72 0 d 112 8 d 132 8 t 161 7 -45 t 163 7 -75
2017/10/23 21:14:54 --- NEW TURN --- 
2017/10/23 21:14:54     Parsed map
2017/10/23 21:14:54 Turn 242
2017/10/23 21:14:54 Final string : d 16 10 d 72 0 d 112 8 d 132 8 t 161 3 -52 t 163 7 -39 t 166 7 0
2017/10/23 21:14:54 --- NEW TURN --- 
2017/10/23 21:14:54     Parsed map
2017/10/23 21:14:54 Turn 243
2017/10/23 21:14:54 Final string : d 16 10 d 72 0 d 112 8 d 132 8 t 161 3 -55 t 163 3 -46 t 166 7 0 t 167 7 -35 t 168 7 -168
2017/10/23 21:14:54 --- NEW TURN --- 
2017/10/23 21:14:54     Parsed map
2017/10/23 21:14:54 Turn 244
2017/10/23 21:14:54 Final string : d 16 10 d 72 0 d 112 8 d 132 8 d 161 5 t 163 3 -48 t 166 7 0 t 167 7 -37 t 168 7 -171
2017/10/23 21:14:54 --- NEW TURN --- 
2017/10/23 21:14:54     Parsed map
2017/10/23 21:14:54 Turn 245
2017/10/23 21:14:54 Final string : d 16 10 d 72 0 d 112 8 d 132 8 d 163 5 t 166 7 0 t 167 7 -40 t 168 7 -175 t 169 7 -150
2017/10/23 21:14:54 --- NEW TURN --- 
2017/10/23 21:14:54     Parsed map
2017/10/23 21:14:54 Turn 246
2017/10/23 21:14:54 Final string : d 16 10 d 72 0 d 112 8 d 132 8 t 166 3 0 t 167 7 -42 t 168 7 179
2017/10/23 21:14:54 --- NEW TURN --- 
2017/10/23 21:14:54     Parsed map
2017/10/23 21:14:54 Turn 247
2017/10/23 21:14:54 Final string : d 16 10 d 72 0 d 112 8 d 132 8 d 166 8 t 167 7 -56 t 168 3 -179 t 170 3 -107 t 171 7 -32
2017/10/23 21:14:54 --- NEW TURN --- 
2017/10/23 21:14:54     Parsed map
2017/10/23 21:14:54 Turn 248
2017/10/23 21:14:54 Final string : d 16 10 d 72 0 d 112 8 d 132 8 d 166 8 t 167 7 -79 t 168 3 176 t 171 7 -35 t 172 7 0
2017/10/23 21:14:54 --- NEW TURN --- 
2017/10/23 21:14:54     Parsed map
2017/10/23 21:14:54 Turn 249
2017/10/23 21:14:54 Final string : d 16 10 d 72 0 d 112 8 d 132 8 d 166 8 t 167 7 -42 t 168 3 177 t 171 7 -72 t 172 7 0
2017/10/23 21:14:54 --- NEW TURN --- 
2017/10/23 21:14:54     Parsed map
2017/10/23 21:14:54 Turn 250
2017/10/23 21:14:54 Final string : d 16 10 d 72 0 d 112 8 d 132 8 d 166 8 t 167 3 -48 d 168 10 t 171 7 -34 t 172 7 0
2017/10/23 21:14:54 --- NEW TURN --- 
2017/10/23 21:14:54     Parsed map
2017/10/23 21:14:54 Turn 251
2017/10/23 21:14:54 Final string : d 16 10 d 72 0 d 112 8 d 132 8 d 166 8 d 167 5 t 171 7 -37 t 172 7 0 t 173 7 -70 t 174 7 0
2017/10/23 21:14:54 --- NEW TURN --- 
2017/10/23 21:14:54     Parsed map
2017/10/23 21:14:54 Turn 252
2017/10/23 21:14:54 Final string : d 16 10 d 72 0 d 112 8 d 132 8 d 166 8 d 167 5 t 171 7 -42 t 172 3 0 t 173 7 -33 t 174 7 0 d 175 5
2017/10/23 21:14:54 --- NEW TURN --- 
2017/10/23 21:14:54     Parsed map
2017/10/23 21:14:54 Turn 253
2017/10/23 21:14:54 Final string : d 16 10 d 72 0 d 112 8 d 132 8 t 167 7 48 t 171 7 17 t 173 7 1 t 174 7 0
2017/10/23 21:14:54 --- NEW TURN --- 
2017/10/23 21:14:54     Parsed map
2017/10/23 21:14:54 Turn 254
2017/10/23 21:14:54 Final string : d 16 10 d 72 0 d 112 8 d 132 8 t 167 7 17 t 171 7 17 t 173 7 2 t 174 7 0 t 176 7 0
2017/10/23 21:14:54 --- NEW TURN --- 
2017/10/23 21:14:54     Parsed map
2017/10/23 21:14:54 Turn 255
2017/10/23 21:14:54 Final string : d 16 10 d 72 0 d 112 8 d 132 8 t 167 7 17 t 171 7 17 t 173 7 2 t 174 3 0 t 176 7 0 t 177 7 179
2017/10/23 21:14:54 --- NEW TURN --- 
2017/10/23 21:14:54     Parsed map
2017/10/23 21:14:54 Turn 256
2017/10/23 21:14:54 Final string : d 16 10 d 72 0 d 112 8 d 132 8 t 167 7 17 t 171 7 17 t 173 7 2 d 174 8 t 176 7 0 t 177 7 179 t 178 7 -176
2017/10/23 21:14:54 --- NEW TURN --- 
2017/10/23 21:14:54     Parsed map
2017/10/23 21:14:54 Turn 257
2017/10/23 21:14:54 Final string : d 16 10 d 72 0 d 112 8 d 132 8 t 167 7 17 t 171 7 17 t 173 7 160 d 174 8 t 176 7 0 t 178 7 -175 t 179 7 -45
2017/10/23 21:14:54 --- NEW TURN --- 
2017/10/23 21:14:54     Parsed map
2017/10/23 21:14:54 Turn 258
2017/10/23 21:14:54 Final string : d 16 10 d 72 0 d 112 8 d 132 8 t 167 7 17 t 171 7 17 t 173 7 160 d 174 8 t 176 3 0 t 178 7 -179 t 179 7 -49
2017/10/23 21:14:54 --- NEW TURN --- 
2017/10/23 21:14:54     Parsed map
2017/10/23 21:14:54 Turn 259
2017/10/23 21:14:54 Final string : d 16 10 d 72 0 d 112 8 d 132 8 t 167 7 17 t 171 7 17 t 173 7 167 t 178 7 175 t 179 7 -54 d 180 2 t 181 7 138
2017/10/23 21:14:54 --- NEW TURN --- 
2017/10/23 21:14:54     Parsed map
2017/10/23 21:14:54 Turn 260
2017/10/23 21:14:54 Final string : d 16 10 d 72 0 d 112 8 d 132 8 t 167 3 18 t 171 3 18 t 173 7 159 t 178 3 176 t 179 3 -62 t 181 7 138 t 182 3 -107 t 183 7 -45
2017/10/23 21:14:54 --- NEW TURN --- 
2017/10/23 21:14:54     Parsed map
2017/10/23 21:14:54 Turn 261
2017/10/23 21:14:54 Final string : d 16 10 d 72 0 d 112 8 d 132 8 d 167 11 d 171 11 t 178 3 176 t 179 3 -65 t 181 7 138 d 182 2 t 183 7 -49
2017/10/23 21:14:54 --- NEW TURN --- 
2017/10/23 21:14:54     Parsed map
2017/10/23 21:14:54 Turn 262
2017/10/23 21:14:54 Final string : d 16 10 d 72 0 d 112 8 d 132 8 d 171 11 d 179 1 t 181 7 138 t 183 7 -54 t 184 7 -172
2017/10/23 21:14:54 --- NEW TURN --- 
2017/10/23 21:14:54     Parsed map
2017/10/23 21:14:54 Turn 263
2017/10/23 21:14:54 Final string : d 16 10 d 72 0 d 112 8 d 132 8 d 171 11 t 181 7 6 t 183 7 -164 t 184 7 -176 t 185 7 -150
2017/10/23 21:14:54 --- NEW TURN --- 
2017/10/23 21:14:54     Parsed map
2017/10/23 21:14:54 Turn 264
2017/10/23 21:14:54 Final string : d 16 10 d 72 0 d 112 8 d 132 8 d 171 11 t 181 7 6 t 183 7 -165 t 184 7 -179
2017/10/23 21:14:54 --- NEW TURN --- 
2017/10/23 21:14:54     Parsed map
2017/10/23 21:14:54 Turn 265
2017/10/23 21:14:54 Final string : d 16 10 d 72 0 d 112 8 d 132 8 d 171 11 t 181 7 7 t 183 7 -167 t 184 7 175 t 186 7 -172
2017/10/23 21:14:54 --- NEW TURN --- 
2017/10/23 21:14:54     Parsed map
2017/10/23 21:14:54 Turn 266
2017/10/23 21:14:54 Final string : d 16 10 d 72 0 d 112 8 d 132 8 d 171 11 t 181 7 7 t 183 7 -169 t 184 3 175 t 186 7 -176 t 187 7 179 t 188 7 0
2017/10/23 21:14:54 --- NEW TURN --- 
2017/10/23 21:14:54     Parsed map
2017/10/23 21:14:54 Turn 267
2017/10/23 21:14:54 Final string : d 16 10 d 72 0 d 112 8 d 132 8 d 171 11 t 181 7 7 t 183 7 -171 t 184 3 175 t 186 7 -179 t 187 7 179 t 188 7 0 t 189 7 174
2017/10/23 21:14:54 --- NEW TURN --- 
2017/10/23 21:14:54     Parsed map
2017/10/23 21:14:54 Turn 268
2017/10/23 21:14:54 Final string : d 16 10 d 72 0 d 112 8 d 132 8 d 171 11 t 181 7 7 t 183 7 -173 d 184 10 t 186 7 175 t 187 7 -179 t 188 7 0 t 190 7 -176
2017/10/23 21:14:54 --- NEW TURN --- 
2017/10/23 21:14:54     Parsed map
2017/10/23 21:14:54 Turn 269
2017/10/23 21:14:54 Final string : d 16 10 d 72 0 d 112 8 d 132 8 d 171 11 t 181 7 7 t 183 7 -176 t 186 3 175 t 187 7 178 t 188 7 0 t 190 7 -175 t 191 7 -150
2017/10/23 21:14:54 --- NEW TURN --- 
2017/10/23 21:14:54     Parsed map
2017/10/23 21:14:54 Turn 270
2017/10/23 21:14:54 Final string : d 16 10 d 72 0 d 112 8 d 132 8 d 171 11 t 181 7 7 t 183 7 179 t 186 3 175 t 187 7 178 t 188 3 0 t 190 7 -179
2017/10/23 21:14:54 --- NEW TURN --- 
2017/10/23 21:14:54     Parsed map
2017/10/23 21:14:54 Turn 271
2017/10/23 21:14:54 Final string : d 16 10 d 72 0 d 112 8 d 132 8 d 171 11 t 181 7 7 t 183 7 179 t 187 7 178 d 188 8 t 190 7 175 t 192 3 25 t 193 7 174 t 194 7 -172
2017/10/23 21:14:54 --- NEW TURN --- 
2017/10/23 21:14:54     Parsed map
2017/10/23 21:14:54 Turn 272
2017/10/23 21:14:54 Final string : d 16 10 d 72 0 d 112 8 d 132 8 d 171 11 t 181 3 7 t 183 3 -179 t 187 7 13 d 188 8 t 190 3 176 t 194 7 -176 t 195 7 -45
2017/10/23 21:14:54 --- NEW TURN --- 
2017/10/23 21:14:54     Parsed map
2017/10/23 21:14:54 Turn 273
2017/10/23 21:14:54 Final string : d 16 10 d 72 0 d 112 8 d 132 8 d 171 11 t 181 3 7 t 183 3 176 t 187 7 13 d 188 8 t 190 3 176 t 194 7 -179 t 195 7 -49
2017/10/23 21:14:54 --- NEW TURN --- 
2017/10/23 21:14:54     Parsed map
2017/10/23 21:14:54 Turn 274
2017/10/23 21:14:54 Final string : d 16 10 d 72 0 d 112 8 d 132 8 d 171 11 d 181 11 t 183 3 177 t 187 7 13 d 188 8 d 190 10 t 194 7 175 t 195 7 -54 t 196 7 -172
2017/10/23 21:14:54 --- NEW TURN --- 
2017/10/23 21:14:54     Parsed map
2017/10/23 21:14:54 Turn 275
2017/10/23 21:14:54 Final string : d 16 10 d 72 0 d 112 8 d 132 8 t 171 7 177 d 183 9 t 187 3 14 d 188 8 t 194 3 175 t 195 3 -82 t 196 7 -176 t 197 7 -45
2017/10/23 21:14:54 --- NEW TURN --- 
2017/10/23 21:14:54     Parsed map
2017/10/23 21:14:54 Turn 276
2017/10/23 21:14:54 Final string : d 16 10 d 72 0 d 112 8 d 132 8 t 171 7 177 t 187 3 14 d 188 8 t 194 3 175 d 195 1 t 196 7 -179 t 197 7 -49 t 198 3 25
2017/10/23 21:14:54 --- NEW TURN --- 
2017/10/23 21:14:54     Parsed map
2017/10/23 21:14:54 Turn 277
2017/10/23 21:14:54 Final string : d 16 10 d 72 0 d 112 8 d 132 8 t 171 7 177 d 187 1 d 188 8 d 195 1 t 196 7 175 t 197 3 -80 t 198 3 26 t 199 7 138
2017/10/23 21:14:54 --- NEW TURN --- 
2017/10/23 21:14:54     Parsed map
2017/10/23 21:14:54 Turn 278
2017/10/23 21:14:54 Final string : d 16 10 d 72 0 d 112 8 d 132 8 t 171 7 176 d 187 1 d 188 8 d 195 1 t 196 3 175 t 197 3 -79 t 199 7 138 t 200 7 0 t 201 7 172
2017/10/23 21:14:54 --- NEW TURN --- 
2017/10/23 21:14:54     Parsed map
2017/10/23 21:14:54 Turn 279
2017/10/23 21:14:54 Final string : d 16 10 d 72 0 d 112 8 d 132 8 t 171 7 171 d 187 1 d 188 8 d 195 1 t 196 3 175 t 197 3 -51 t 199 7 138 t 200 7 0 t 201 7 172
2017/10/23 21:14:54 --- NEW TURN --- 
2017/10/23 21:14:54     Parsed map
2017/10/23 21:14:54 Turn 280
2017/10/23 21:14:54 Final string : d 16 10 d 72 0 d 112 8 d 132 8 t 171 7 171 d 187 1 d 188 8 d 195 1 d 196 10 t 197 1 -90 t 199 7 138 t 200 7 0 t 201 7 172 t 202 7 -176
2017/10/23 21:14:54 --- NEW TURN --- 
2017/10/23 21:14:54     Parsed map
2017/10/23 21:14:54 Turn 281
2017/10/23 21:14:54 Final string : d 16 10 d 72 0 d 112 8 d 132 8 t 171 7 170 d 187 1 d 188 8 d 195 1 d 197 1 t 199 7 139 t 200 7 0 t 201 7 172 t 202 7 -175 t 203 7 -56
2017/10/23 21:14:54 --- NEW TURN --- 
2017/10/23 21:14:54     Parsed map
2017/10/23 21:14:54 Turn 282
2017/10/23 21:14:54 Final string : d 16 10 d 72 0 d 112 8 d 132 8 t 171 7 170 d 187 1 d 188 8 d 195 1 d 197 1 t 199 7 139 t 200 3 0 t 201 7 172 t 202 7 -179 t 203 7 -76
2017/10/23 21:14:54 --- NEW TURN --- 
2017/10/23 21:14:54     Parsed map
2017/10/23 21:14:54 Turn 283
2017/10/23 21:14:54 Final string : d 16 10 d 72 0 d 112 8 d 132 8 t 171 7 174 d 187 1 d 195 1 d 197 1 t 199 7 139 t 201 7 172 t 202 7 175 t 203 7 -42 t 204 7 -176
2017/10/23 21:14:54 --- NEW TURN --- 
2017/10/23 21:14:54     Parsed map
2017/10/23 21:14:54 Turn 284
2017/10/23 21:14:54 Final string : d 16 10 d 72 0 d 112 8 d 132 8 t 171 7 171 d 187 1 d 195 1 d 197 1 t 199 3 139 t 201 7 172 t 202 3 176 t 203 3 -50 t 204 7 -175 t 205 7 -56
2017/10/23 21:14:54 --- NEW TURN --- 
2017/10/23 21:14:54     Parsed map
2017/10/23 21:14:54 Turn 285
2017/10/23 21:14:54 Final string : d 16 10 d 72 0 d 112 8 d 132 8 t 171 7 160 d 187 1 d 195 1 d 199 1 t 201 7 172 t 202 3 176 t 204 7 -179 t 205 7 -47 t 206 7 136
2017/10/23 21:14:54 --- NEW TURN --- 
2017/10/23 21:14:54     Parsed map
2017/10/23 21:14:54 Turn 286
2017/10/23 21:14:54 Final string : d 16 10 d 72 0 d 112 8 d 132 8 d 187 1 d 195 1 t 201 7 173 t 204 7 175 t 205 7 -52 t 206 7 136 t 207 7 138
2017/10/23 21:14:54 --- NEW TURN --- 
2017/10/23 21:14:54     Parsed map
2017/10/23 21:14:54 Turn 287
2017/10/23 21:14:54 Final string : d 16 10 d 72 0 d 112 8 d 132 8 d 187 1 d 195 1 t 201 7 173 t 204 3 176 t 205 3 -59 t 206 7 136 t 207 7 138 t 208 3 25 t 209 7 -45
2017/10/23 21:14:54 --- NEW TURN --- 
2017/10/23 21:14:54     Parsed map
2017/10/23 21:14:54 Turn 288
2017/10/23 21:14:54 Final string : d 16 10 d 72 0 d 112 8 d 132 8 d 187 1 t 204 3 176 t 206 7 136 t 207 7 138 t 209 7 -49
2017/10/23 21:14:54 --- NEW TURN --- 
2017/10/23 21:14:54     Parsed map
2017/10/23 21:14:54 Turn 289
2017/10/23 21:14:54 Final string : d 16 10 d 72 0 d 112 8 d 132 8 d 187 1 d 204 10 t 206 7 136 t 207 7 138 t 209 7 -54 t 210 7 -178
2017/10/23 21:14:54 --- NEW TURN --- 
2017/10/23 21:14:54     Parsed map
2017/10/23 21:14:54 Turn 290
2017/10/23 21:14:54 Final string : d 16 10 d 72 0 d 112 8 d 132 8 d 187 1 t 206 3 136 t 207 7 139 t 209 3 -82 t 210 7 -174 t 211 7 -45
2017/10/23 21:14:54 --- NEW TURN --- 
2017/10/23 21:14:54     Parsed map
2017/10/23 21:14:54 Turn 291
2017/10/23 21:14:54 Final string : d 16 10 d 72 0 d 112 8 d 132 8 d 187 1 t 206 3 136 t 207 7 139 d 209 1 t 210 7 -178 t 211 7 -49 t 212 7 136
2017/10/23 21:14:54 --- NEW TURN --- 
2017/10/23 21:14:54     Parsed map
2017/10/23 21:14:54 Turn 292
2017/10/23 21:14:54 Final string : d 16 10 d 72 0 d 112 8 d 132 8 d 187 1 d 206 6 t 207 7 139 d 209 1 t 210 7 175 t 211 3 -80 t 212 7 136 t 213 7 167 t 214 7 -23
2017/10/23 21:14:54 --- NEW TURN --- 
2017/10/23 21:14:54     Parsed map
2017/10/23 21:14:54 Turn 293
2017/10/23 21:14:54 Final string : d 16 10 d 72 0 d 112 8 d 132 8 d 187 1 t 207 3 139 d 209 1 t 210 3 176 t 211 3 -79 t 212 7 136 t 213 7 135 t 214 7 -24 t 215 7 -45
2017/10/23 21:14:54 --- NEW TURN --- 
2017/10/23 21:14:54     Parsed map
2017/10/23 21:14:54 Turn 294
2017/10/23 21:14:54 Final string : d 16 10 d 72 0 d 112 8 d 132 8 d 187 1 d 207 1 d 209 1 t 210 3 176 t 211 3 -51 t 212 7 136 t 213 7 135 t 214 7 -26 t 215 7 -78
2017/10/23 21:14:54 --- NEW TURN --- 
2017/10/23 21:14:54     Parsed map
2017/10/23 21:14:54 Turn 295
2017/10/23 21:14:54 Final string : d 16 10 d 72 0 d 112 8 d 132 8 d 187 1 d 209 1 t 211 1 -90 t 212 7 136 t 213 7 135 t 214 7 -28 t 215 7 -45 t 216 7 -172
2017/10/23 21:14:54 --- NEW TURN --- 
