2017/10/23 21:14:41 --- NEW TURN --- 
2017/10/23 21:14:41     Parsed map
2017/10/23 21:14:41 --- NEW TURN --- 
2017/10/23 21:14:41     Parsed map
2017/10/23 21:14:41 Turn 1
2017/10/23 21:14:41 Final string : t 3 7 -2 t 4 7 -94 t 5 3 -28
2017/10/23 21:14:41 --- NEW TURN --- 
2017/10/23 21:14:41     Parsed map
2017/10/23 21:14:41 Turn 2
2017/10/23 21:14:41 Final string : t 3 7 -6 t 4 7 -97 t 5 7 -7
2017/10/23 21:14:41 --- NEW TURN --- 
2017/10/23 21:14:41     Parsed map
2017/10/23 21:14:41 Turn 3
2017/10/23 21:14:41 Final string : t 3 7 -12 t 4 7 -100 t 5 7 -11
2017/10/23 21:14:41 --- NEW TURN --- 
2017/10/23 21:14:41     Parsed map
2017/10/23 21:14:41 Turn 4
2017/10/23 21:14:41 Final string : t 3 3 -20 t 4 7 -105 t 5 7 -18
2017/10/23 21:14:41 --- NEW TURN --- 
2017/10/23 21:14:41     Parsed map
2017/10/23 21:14:41 Turn 5
2017/10/23 21:14:41 Final string : t 4 7 -110
2017/10/23 21:14:41 --- NEW TURN --- 
2017/10/23 21:14:41     Parsed map
2017/10/23 21:14:41 Turn 6
2017/10/23 21:14:41 Final string : t 4 3 -119
2017/10/23 21:14:41 --- NEW TURN --- 
2017/10/23 21:14:41     Parsed map
2017/10/23 21:14:41 Turn 7
2017/10/23 21:14:41 Final string : t 4 3 -123
2017/10/23 21:14:41 --- NEW TURN --- 
2017/10/23 21:14:41     Parsed map
2017/10/23 21:14:41 Turn 8
2017/10/23 21:14:41 Final string : d 4 10
2017/10/23 21:14:41 --- NEW TURN --- 
2017/10/23 21:14:41     Parsed map
2017/10/23 21:14:41 Turn 9
2017/10/23 21:14:41 Final string : 
2017/10/23 21:14:41 --- NEW TURN --- 
2017/10/23 21:14:41     Parsed map
2017/10/23 21:14:41 Turn 10
2017/10/23 21:14:41 Final string : 
2017/10/23 21:14:41 --- NEW TURN --- 
2017/10/23 21:14:41     Parsed map
2017/10/23 21:14:41 Turn 11
2017/10/23 21:14:41 Final string : 
2017/10/23 21:14:41 --- NEW TURN --- 
2017/10/23 21:14:41     Parsed map
2017/10/23 21:14:41 Turn 12
2017/10/23 21:14:41 Final string : 
2017/10/23 21:14:41 --- NEW TURN --- 
2017/10/23 21:14:41     Parsed map
2017/10/23 21:14:41 Turn 13
2017/10/23 21:14:41 Final string : 
2017/10/23 21:14:41 --- NEW TURN --- 
2017/10/23 21:14:41     Parsed map
2017/10/23 21:14:41 Turn 14
2017/10/23 21:14:41 Final string : 
2017/10/23 21:14:41 --- NEW TURN --- 
2017/10/23 21:14:41     Parsed map
2017/10/23 21:14:41 Turn 15
2017/10/23 21:14:41 Final string : 
2017/10/23 21:14:41 --- NEW TURN --- 
2017/10/23 21:14:41     Parsed map
2017/10/23 21:14:41 Turn 16
2017/10/23 21:14:41 Final string : 
2017/10/23 21:14:41 --- NEW TURN --- 
2017/10/23 21:14:41     Parsed map
2017/10/23 21:14:41 Turn 17
2017/10/23 21:14:41 Final string : 
2017/10/23 21:14:41 --- NEW TURN --- 
2017/10/23 21:14:41     Parsed map
2017/10/23 21:14:41 Turn 18
2017/10/23 21:14:41 Final string : 
2017/10/23 21:14:41 --- NEW TURN --- 
2017/10/23 21:14:41     Parsed map
2017/10/23 21:14:41 Turn 19
2017/10/23 21:14:41 Final string : 
2017/10/23 21:14:41 --- NEW TURN --- 
2017/10/23 21:14:41     Parsed map
2017/10/23 21:14:41 Turn 20
2017/10/23 21:14:41 Final string : 
2017/10/23 21:14:41 --- NEW TURN --- 
2017/10/23 21:14:41     Parsed map
2017/10/23 21:14:41 Turn 21
2017/10/23 21:14:41 Final string : 
2017/10/23 21:14:41 --- NEW TURN --- 
2017/10/23 21:14:41     Parsed map
2017/10/23 21:14:41 Turn 22
2017/10/23 21:14:41 Final string : 
2017/10/23 21:14:41 --- NEW TURN --- 
2017/10/23 21:14:41     Parsed map
2017/10/23 21:14:41 Turn 23
2017/10/23 21:14:41 Final string : 
2017/10/23 21:14:41 --- NEW TURN --- 
2017/10/23 21:14:54 --- NEW TURN --- 
2017/10/23 21:14:54     Parsed map
2017/10/23 21:14:54 --- NEW TURN --- 
2017/10/23 21:14:54     Parsed map
2017/10/23 21:14:54 Turn 1
2017/10/23 21:14:54 Final string : t 3 3 -16 t 4 3 143 t 5 3 -32
2017/10/23 21:14:54 --- NEW TURN --- 
2017/10/23 21:14:54     Parsed map
2017/10/23 21:14:54 Turn 2
2017/10/23 21:14:54 Final string : t 3 7 -4 t 4 7 106 t 5 7 -8
2017/10/23 21:14:54 --- NEW TURN --- 
2017/10/23 21:14:54     Parsed map
2017/10/23 21:14:54 Turn 3
2017/10/23 21:14:54 Final string : t 3 7 -9 t 4 7 106 t 5 7 -13
2017/10/23 21:14:54 --- NEW TURN --- 
2017/10/23 21:14:54     Parsed map
2017/10/23 21:14:54 Turn 4
2017/10/23 21:14:54 Final string : t 3 3 -15 t 4 7 106 t 5 3 -19
2017/10/23 21:14:54 --- NEW TURN --- 
2017/10/23 21:14:54     Parsed map
2017/10/23 21:14:54 Turn 5
2017/10/23 21:14:54 Final string : t 4 3 106
2017/10/23 21:14:54 --- NEW TURN --- 
2017/10/23 21:14:54     Parsed map
2017/10/23 21:14:54 Turn 6
2017/10/23 21:14:54 Final string : d 4 6
2017/10/23 21:14:54 --- NEW TURN --- 
2017/10/23 21:14:54     Parsed map
2017/10/23 21:14:54 Turn 7
2017/10/23 21:14:54 Final string : d 4 6
2017/10/23 21:14:54 --- NEW TURN --- 
2017/10/23 21:14:54     Parsed map
2017/10/23 21:14:54 Turn 8
2017/10/23 21:14:54 Final string : d 4 6
2017/10/23 21:14:54 --- NEW TURN --- 
2017/10/23 21:14:54     Parsed map
2017/10/23 21:14:54 Turn 9
2017/10/23 21:14:54 Final string : d 4 6
2017/10/23 21:14:54 --- NEW TURN --- 
2017/10/23 21:14:54     Parsed map
2017/10/23 21:14:54 Turn 10
2017/10/23 21:14:54 Final string : d 4 6
2017/10/23 21:14:54 --- NEW TURN --- 
2017/10/23 21:14:54     Parsed map
2017/10/23 21:14:54 Turn 11
2017/10/23 21:14:54 Final string : d 4 6
2017/10/23 21:14:54 --- NEW TURN --- 
2017/10/23 21:14:54     Parsed map
2017/10/23 21:14:54 Turn 12
2017/10/23 21:14:54 Final string : d 4 6
2017/10/23 21:14:54 --- NEW TURN --- 
2017/10/23 21:14:54     Parsed map
2017/10/23 21:14:54 Turn 13
2017/10/23 21:14:54 Final string : d 4 6
2017/10/23 21:14:54 --- NEW TURN --- 
2017/10/23 21:14:54     Parsed map
2017/10/23 21:14:54 Turn 14
2017/10/23 21:14:54 Final string : d 4 6
2017/10/23 21:14:54 --- NEW TURN --- 
2017/10/23 21:14:54     Parsed map
2017/10/23 21:14:54 Turn 15
2017/10/23 21:14:54 Final string : d 4 6
2017/10/23 21:14:54 --- NEW TURN --- 
2017/10/23 21:14:54     Parsed map
2017/10/23 21:14:54 Turn 16
2017/10/23 21:14:54 Final string : d 4 6
2017/10/23 21:14:54 --- NEW TURN --- 
2017/10/23 21:14:54     Parsed map
2017/10/23 21:14:54 Turn 17
2017/10/23 21:14:54 Final string : d 4 6
2017/10/23 21:14:54 --- NEW TURN --- 
2017/10/23 21:14:54     Parsed map
2017/10/23 21:14:54 Turn 18
2017/10/23 21:14:54 Final string : d 4 6
2017/10/23 21:14:54 --- NEW TURN --- 
2017/10/23 21:14:54     Parsed map
2017/10/23 21:14:54 Turn 19
2017/10/23 21:14:54 Final string : d 4 6
2017/10/23 21:14:54 --- NEW TURN --- 
2017/10/23 21:14:54     Parsed map
2017/10/23 21:14:54 Turn 20
2017/10/23 21:14:54 Final string : d 4 6
2017/10/23 21:14:54 --- NEW TURN --- 
2017/10/23 21:14:54     Parsed map
2017/10/23 21:14:54 Turn 21
2017/10/23 21:14:54 Final string : d 4 6
2017/10/23 21:14:54 --- NEW TURN --- 
2017/10/23 21:14:54     Parsed map
2017/10/23 21:14:54 Turn 22
2017/10/23 21:14:54 Final string : d 4 6
2017/10/23 21:14:54 --- NEW TURN --- 
2017/10/23 21:14:54     Parsed map
2017/10/23 21:14:54 Turn 23
2017/10/23 21:14:54 Final string : d 4 6
2017/10/23 21:14:54 --- NEW TURN --- 
2017/10/23 21:14:54     Parsed map
2017/10/23 21:14:54 Turn 24
2017/10/23 21:14:54 Final string : d 4 6
2017/10/23 21:14:54 --- NEW TURN --- 
2017/10/23 21:14:54     Parsed map
2017/10/23 21:14:54 Turn 25
2017/10/23 21:14:54 Final string : d 4 6
2017/10/23 21:14:54 --- NEW TURN --- 
2017/10/23 21:14:54     Parsed map
2017/10/23 21:14:54 Turn 26
2017/10/23 21:14:54 Final string : d 4 6
2017/10/23 21:14:54 --- NEW TURN --- 
2017/10/23 21:14:54     Parsed map
2017/10/23 21:14:54 Turn 27
2017/10/23 21:14:54 Final string : d 4 6
2017/10/23 21:14:54 --- NEW TURN --- 
2017/10/23 21:14:54     Parsed map
2017/10/23 21:14:54 Turn 28
2017/10/23 21:14:54 Final string : d 4 6
2017/10/23 21:14:54 --- NEW TURN --- 
2017/10/23 21:14:54     Parsed map
2017/10/23 21:14:54 Turn 29
2017/10/23 21:14:54 Final string : d 4 6
2017/10/23 21:14:54 --- NEW TURN --- 
2017/10/23 21:14:54     Parsed map
2017/10/23 21:14:54 Turn 30
2017/10/23 21:14:54 Final string : d 4 6
2017/10/23 21:14:54 --- NEW TURN --- 
2017/10/23 21:14:54     Parsed map
2017/10/23 21:14:54 Turn 31
2017/10/23 21:14:54 Final string : d 4 6
2017/10/23 21:14:54 --- NEW TURN --- 
2017/10/23 21:14:54     Parsed map
2017/10/23 21:14:54 Turn 32
2017/10/23 21:14:54 Final string : d 4 6
2017/10/23 21:14:54 --- NEW TURN --- 
2017/10/23 21:14:54     Parsed map
2017/10/23 21:14:54 Turn 33
2017/10/23 21:14:54 Final string : d 4 6
2017/10/23 21:14:54 --- NEW TURN --- 
2017/10/23 21:14:54     Parsed map
2017/10/23 21:14:54 Turn 34
2017/10/23 21:14:54 Final string : d 4 6
2017/10/23 21:14:54 --- NEW TURN --- 
2017/10/23 21:14:54     Parsed map
2017/10/23 21:14:54 Turn 35
2017/10/23 21:14:54 Final string : d 4 6
2017/10/23 21:14:54 --- NEW TURN --- 
2017/10/23 21:14:54     Parsed map
2017/10/23 21:14:54 Turn 36
2017/10/23 21:14:54 Final string : d 4 6
2017/10/23 21:14:54 --- NEW TURN --- 
2017/10/23 21:14:54     Parsed map
2017/10/23 21:14:54 Turn 37
2017/10/23 21:14:54 Final string : d 4 6
2017/10/23 21:14:54 --- NEW TURN --- 
2017/10/23 21:14:54     Parsed map
2017/10/23 21:14:54 Turn 38
2017/10/23 21:14:54 Final string : d 4 6
2017/10/23 21:14:54 --- NEW TURN --- 
2017/10/23 21:14:54     Parsed map
2017/10/23 21:14:54 Turn 39
2017/10/23 21:14:54 Final string : d 4 6
2017/10/23 21:14:54 --- NEW TURN --- 
2017/10/23 21:14:54     Parsed map
2017/10/23 21:14:54 Turn 40
2017/10/23 21:14:54 Final string : d 4 6
2017/10/23 21:14:54 --- NEW TURN --- 
2017/10/23 21:14:54     Parsed map
2017/10/23 21:14:54 Turn 41
2017/10/23 21:14:54 Final string : d 4 6
2017/10/23 21:14:54 --- NEW TURN --- 
2017/10/23 21:14:54     Parsed map
2017/10/23 21:14:54 Turn 42
2017/10/23 21:14:54 Final string : d 4 6
2017/10/23 21:14:54 --- NEW TURN --- 
2017/10/23 21:14:54     Parsed map
2017/10/23 21:14:54 Turn 43
2017/10/23 21:14:54 Final string : d 4 6
2017/10/23 21:14:54 --- NEW TURN --- 
2017/10/23 21:14:54     Parsed map
2017/10/23 21:14:54 Turn 44
2017/10/23 21:14:54 Final string : d 4 6
2017/10/23 21:14:54 --- NEW TURN --- 
2017/10/23 21:14:54     Parsed map
2017/10/23 21:14:54 Turn 45
2017/10/23 21:14:54 Final string : d 4 6
2017/10/23 21:14:54 --- NEW TURN --- 
2017/10/23 21:14:54     Parsed map
2017/10/23 21:14:54 Turn 46
2017/10/23 21:14:54 Final string : d 4 6
2017/10/23 21:14:54 --- NEW TURN --- 
2017/10/23 21:14:54     Parsed map
2017/10/23 21:14:54 Turn 47
2017/10/23 21:14:54 Final string : d 4 6
2017/10/23 21:14:54 --- NEW TURN --- 
2017/10/23 21:14:54     Parsed map
2017/10/23 21:14:54 Turn 48
2017/10/23 21:14:54 Final string : d 4 6
2017/10/23 21:14:54 --- NEW TURN --- 
2017/10/23 21:14:54     Parsed map
2017/10/23 21:14:54 Turn 49
2017/10/23 21:14:54 Final string : d 4 6
2017/10/23 21:14:54 --- NEW TURN --- 
2017/10/23 21:14:54     Parsed map
2017/10/23 21:14:54 Turn 50
2017/10/23 21:14:54 Final string : d 4 6
2017/10/23 21:14:54 --- NEW TURN --- 
2017/10/23 21:14:54     Parsed map
2017/10/23 21:14:54 Turn 51
2017/10/23 21:14:54 Final string : d 4 6
2017/10/23 21:14:54 --- NEW TURN --- 
2017/10/23 21:14:54     Parsed map
2017/10/23 21:14:54 Turn 52
2017/10/23 21:14:54 Final string : d 4 6
2017/10/23 21:14:54 --- NEW TURN --- 
2017/10/23 21:14:54     Parsed map
2017/10/23 21:14:54 Turn 53
2017/10/23 21:14:54 Final string : d 4 6
2017/10/23 21:14:54 --- NEW TURN --- 
2017/10/23 21:14:54     Parsed map
2017/10/23 21:14:54 Turn 54
2017/10/23 21:14:54 Final string : d 4 6
2017/10/23 21:14:54 --- NEW TURN --- 
2017/10/23 21:14:54     Parsed map
2017/10/23 21:14:54 Turn 55
2017/10/23 21:14:54 Final string : d 4 6
2017/10/23 21:14:54 --- NEW TURN --- 
2017/10/23 21:14:54     Parsed map
2017/10/23 21:14:54 Turn 56
2017/10/23 21:14:54 Final string : d 4 6
2017/10/23 21:14:54 --- NEW TURN --- 
2017/10/23 21:14:54     Parsed map
2017/10/23 21:14:54 Turn 57
2017/10/23 21:14:54 Final string : d 4 6
2017/10/23 21:14:54 --- NEW TURN --- 
2017/10/23 21:14:54     Parsed map
2017/10/23 21:14:54 Turn 58
2017/10/23 21:14:54 Final string : d 4 6
2017/10/23 21:14:54 --- NEW TURN --- 
2017/10/23 21:14:54     Parsed map
2017/10/23 21:14:54 Turn 59
2017/10/23 21:14:54 Final string : d 4 6
2017/10/23 21:14:54 --- NEW TURN --- 
2017/10/23 21:14:54     Parsed map
2017/10/23 21:14:54 Turn 60
2017/10/23 21:14:54 Final string : d 4 6
2017/10/23 21:14:54 --- NEW TURN --- 
2017/10/23 21:14:54     Parsed map
2017/10/23 21:14:54 Turn 61
2017/10/23 21:14:54 Final string : d 4 6
2017/10/23 21:14:54 --- NEW TURN --- 
2017/10/23 21:14:54     Parsed map
2017/10/23 21:14:54 Turn 62
2017/10/23 21:14:54 Final string : d 4 6
2017/10/23 21:14:54 --- NEW TURN --- 
2017/10/23 21:14:54     Parsed map
2017/10/23 21:14:54 Turn 63
2017/10/23 21:14:54 Final string : d 4 6
2017/10/23 21:14:54 --- NEW TURN --- 
2017/10/23 21:14:54     Parsed map
2017/10/23 21:14:54 Turn 64
2017/10/23 21:14:54 Final string : d 4 6
2017/10/23 21:14:54 --- NEW TURN --- 
2017/10/23 21:14:54     Parsed map
2017/10/23 21:14:54 Turn 65
2017/10/23 21:14:54 Final string : d 4 6
2017/10/23 21:14:54 --- NEW TURN --- 
2017/10/23 21:14:54     Parsed map
2017/10/23 21:14:54 Turn 66
2017/10/23 21:14:54 Final string : d 4 6
2017/10/23 21:14:54 --- NEW TURN --- 
2017/10/23 21:14:54     Parsed map
2017/10/23 21:14:54 Turn 67
2017/10/23 21:14:54 Final string : d 4 6
2017/10/23 21:14:54 --- NEW TURN --- 
2017/10/23 21:14:54     Parsed map
2017/10/23 21:14:54 Turn 68
2017/10/23 21:14:54 Final string : d 4 6
2017/10/23 21:14:54 --- NEW TURN --- 
2017/10/23 21:14:54     Parsed map
2017/10/23 21:14:54 Turn 69
2017/10/23 21:14:54 Final string : d 4 6
2017/10/23 21:14:54 --- NEW TURN --- 
2017/10/23 21:14:54     Parsed map
2017/10/23 21:14:54 Turn 70
2017/10/23 21:14:54 Final string : d 4 6
2017/10/23 21:14:54 --- NEW TURN --- 
2017/10/23 21:14:54     Parsed map
2017/10/23 21:14:54 Turn 71
2017/10/23 21:14:54 Final string : d 4 6
2017/10/23 21:14:54 --- NEW TURN --- 
2017/10/23 21:14:54     Parsed map
2017/10/23 21:14:54 Turn 72
2017/10/23 21:14:54 Final string : d 4 6
2017/10/23 21:14:54 --- NEW TURN --- 
2017/10/23 21:14:54     Parsed map
2017/10/23 21:14:54 Turn 73
2017/10/23 21:14:54 Final string : d 4 6
2017/10/23 21:14:54 --- NEW TURN --- 
2017/10/23 21:14:54     Parsed map
2017/10/23 21:14:54 Turn 74
2017/10/23 21:14:54 Final string : d 4 6
2017/10/23 21:14:54 --- NEW TURN --- 
2017/10/23 21:14:54     Parsed map
2017/10/23 21:14:54 Turn 75
2017/10/23 21:14:54 Final string : d 4 6
2017/10/23 21:14:54 --- NEW TURN --- 
2017/10/23 21:14:54     Parsed map
2017/10/23 21:14:54 Turn 76
2017/10/23 21:14:54 Final string : d 4 6
2017/10/23 21:14:54 --- NEW TURN --- 
2017/10/23 21:14:54     Parsed map
2017/10/23 21:14:54 Turn 77
2017/10/23 21:14:54 Final string : d 4 6
2017/10/23 21:14:54 --- NEW TURN --- 
2017/10/23 21:14:54     Parsed map
2017/10/23 21:14:54 Turn 78
2017/10/23 21:14:54 Final string : d 4 6
2017/10/23 21:14:54 --- NEW TURN --- 
2017/10/23 21:14:54     Parsed map
2017/10/23 21:14:54 Turn 79
2017/10/23 21:14:54 Final string : d 4 6
2017/10/23 21:14:54 --- NEW TURN --- 
2017/10/23 21:14:54     Parsed map
2017/10/23 21:14:54 Turn 80
2017/10/23 21:14:54 Final string : d 4 6
2017/10/23 21:14:54 --- NEW TURN --- 
2017/10/23 21:14:54     Parsed map
2017/10/23 21:14:54 Turn 81
2017/10/23 21:14:54 Final string : d 4 6
2017/10/23 21:14:54 --- NEW TURN --- 
2017/10/23 21:14:54     Parsed map
2017/10/23 21:14:54 Turn 82
2017/10/23 21:14:54 Final string : d 4 6
2017/10/23 21:14:54 --- NEW TURN --- 
2017/10/23 21:14:54     Parsed map
2017/10/23 21:14:54 Turn 83
2017/10/23 21:14:54 Final string : d 4 6
2017/10/23 21:14:54 --- NEW TURN --- 
2017/10/23 21:14:54     Parsed map
2017/10/23 21:14:54 Turn 84
2017/10/23 21:14:54 Final string : d 4 6
2017/10/23 21:14:54 --- NEW TURN --- 
2017/10/23 21:14:54     Parsed map
2017/10/23 21:14:54 Turn 85
2017/10/23 21:14:54 Final string : d 4 6
2017/10/23 21:14:54 --- NEW TURN --- 
2017/10/23 21:14:54     Parsed map
2017/10/23 21:14:54 Turn 86
2017/10/23 21:14:54 Final string : d 4 6
2017/10/23 21:14:54 --- NEW TURN --- 
2017/10/23 21:14:54     Parsed map
2017/10/23 21:14:54 Turn 87
2017/10/23 21:14:54 Final string : d 4 6
2017/10/23 21:14:54 --- NEW TURN --- 
2017/10/23 21:14:54     Parsed map
2017/10/23 21:14:54 Turn 88
2017/10/23 21:14:54 Final string : d 4 6
2017/10/23 21:14:54 --- NEW TURN --- 
2017/10/23 21:14:54     Parsed map
2017/10/23 21:14:54 Turn 89
2017/10/23 21:14:54 Final string : d 4 6
2017/10/23 21:14:54 --- NEW TURN --- 
2017/10/23 21:14:54     Parsed map
2017/10/23 21:14:54 Turn 90
2017/10/23 21:14:54 Final string : d 4 6
2017/10/23 21:14:54 --- NEW TURN --- 
2017/10/23 21:14:54     Parsed map
2017/10/23 21:14:54 Turn 91
2017/10/23 21:14:54 Final string : d 4 6
2017/10/23 21:14:54 --- NEW TURN --- 
2017/10/23 21:14:54     Parsed map
2017/10/23 21:14:54 Turn 92
2017/10/23 21:14:54 Final string : d 4 6
2017/10/23 21:14:54 --- NEW TURN --- 
2017/10/23 21:14:54     Parsed map
2017/10/23 21:14:54 Turn 93
2017/10/23 21:14:54 Final string : d 4 6
2017/10/23 21:14:54 --- NEW TURN --- 
2017/10/23 21:14:54     Parsed map
2017/10/23 21:14:54 Turn 94
2017/10/23 21:14:54 Final string : d 4 6
2017/10/23 21:14:54 --- NEW TURN --- 
2017/10/23 21:14:54     Parsed map
2017/10/23 21:14:54 Turn 95
2017/10/23 21:14:54 Final string : d 4 6
2017/10/23 21:14:54 --- NEW TURN --- 
2017/10/23 21:14:54     Parsed map
2017/10/23 21:14:54 Turn 96
2017/10/23 21:14:54 Final string : d 4 6
2017/10/23 21:14:54 --- NEW TURN --- 
2017/10/23 21:14:54     Parsed map
2017/10/23 21:14:54 Turn 97
2017/10/23 21:14:54 Final string : d 4 6
2017/10/23 21:14:54 --- NEW TURN --- 
2017/10/23 21:14:54     Parsed map
2017/10/23 21:14:54 Turn 98
2017/10/23 21:14:54 Final string : d 4 6
2017/10/23 21:14:54 --- NEW TURN --- 
2017/10/23 21:14:54     Parsed map
2017/10/23 21:14:54 Turn 99
2017/10/23 21:14:54 Final string : d 4 6
2017/10/23 21:14:54 --- NEW TURN --- 
2017/10/23 21:14:54     Parsed map
2017/10/23 21:14:54 Turn 100
2017/10/23 21:14:54 Final string : d 4 6
2017/10/23 21:14:54 --- NEW TURN --- 
2017/10/23 21:14:54     Parsed map
2017/10/23 21:14:54 Turn 101
2017/10/23 21:14:54 Final string : d 4 6
2017/10/23 21:14:54 --- NEW TURN --- 
2017/10/23 21:14:54     Parsed map
2017/10/23 21:14:54 Turn 102
2017/10/23 21:14:54 Final string : d 4 6
2017/10/23 21:14:54 --- NEW TURN --- 
2017/10/23 21:14:54     Parsed map
2017/10/23 21:14:54 Turn 103
2017/10/23 21:14:54 Final string : d 4 6
2017/10/23 21:14:54 --- NEW TURN --- 
2017/10/23 21:14:54     Parsed map
2017/10/23 21:14:54 Turn 104
2017/10/23 21:14:54 Final string : d 4 6
2017/10/23 21:14:54 --- NEW TURN --- 
2017/10/23 21:14:54     Parsed map
2017/10/23 21:14:54 Turn 105
2017/10/23 21:14:54 Final string : d 4 6
2017/10/23 21:14:54 --- NEW TURN --- 
2017/10/23 21:14:54     Parsed map
2017/10/23 21:14:54 Turn 106
2017/10/23 21:14:54 Final string : d 4 6
2017/10/23 21:14:54 --- NEW TURN --- 
2017/10/23 21:14:54     Parsed map
2017/10/23 21:14:54 Turn 107
2017/10/23 21:14:54 Final string : d 4 6
2017/10/23 21:14:54 --- NEW TURN --- 
2017/10/23 21:14:54     Parsed map
2017/10/23 21:14:54 Turn 108
2017/10/23 21:14:54 Final string : d 4 6
2017/10/23 21:14:54 --- NEW TURN --- 
2017/10/23 21:14:54     Parsed map
2017/10/23 21:14:54 Turn 109
2017/10/23 21:14:54 Final string : d 4 6
2017/10/23 21:14:54 --- NEW TURN --- 
2017/10/23 21:14:54     Parsed map
2017/10/23 21:14:54 Turn 110
2017/10/23 21:14:54 Final string : d 4 6
2017/10/23 21:14:54 --- NEW TURN --- 
2017/10/23 21:14:54     Parsed map
2017/10/23 21:14:54 Turn 111
2017/10/23 21:14:54 Final string : d 4 6
2017/10/23 21:14:54 --- NEW TURN --- 
2017/10/23 21:14:54     Parsed map
2017/10/23 21:14:54 Turn 112
2017/10/23 21:14:54 Final string : d 4 6
2017/10/23 21:14:54 --- NEW TURN --- 
2017/10/23 21:14:54     Parsed map
2017/10/23 21:14:54 Turn 113
2017/10/23 21:14:54 Final string : d 4 6
2017/10/23 21:14:54 --- NEW TURN --- 
2017/10/23 21:14:54     Parsed map
2017/10/23 21:14:54 Turn 114
2017/10/23 21:14:54 Final string : d 4 6
2017/10/23 21:14:54 --- NEW TURN --- 
2017/10/23 21:14:54     Parsed map
2017/10/23 21:14:54 Turn 115
2017/10/23 21:14:54 Final string : d 4 6
2017/10/23 21:14:54 --- NEW TURN --- 
2017/10/23 21:14:54     Parsed map
2017/10/23 21:14:54 Turn 116
2017/10/23 21:14:54 Final string : d 4 6
2017/10/23 21:14:54 --- NEW TURN --- 
2017/10/23 21:14:54     Parsed map
2017/10/23 21:14:54 Turn 117
2017/10/23 21:14:54 Final string : d 4 6
2017/10/23 21:14:54 --- NEW TURN --- 
2017/10/23 21:14:54     Parsed map
2017/10/23 21:14:54 Turn 118
2017/10/23 21:14:54 Final string : d 4 6
2017/10/23 21:14:54 --- NEW TURN --- 
2017/10/23 21:14:54     Parsed map
2017/10/23 21:14:54 Turn 119
2017/10/23 21:14:54 Final string : d 4 6
2017/10/23 21:14:54 --- NEW TURN --- 
2017/10/23 21:14:54     Parsed map
2017/10/23 21:14:54 Turn 120
2017/10/23 21:14:54 Final string : d 4 6
2017/10/23 21:14:54 --- NEW TURN --- 
2017/10/23 21:14:54     Parsed map
2017/10/23 21:14:54 Turn 121
2017/10/23 21:14:54 Final string : d 4 6
2017/10/23 21:14:54 --- NEW TURN --- 
2017/10/23 21:14:54     Parsed map
2017/10/23 21:14:54 Turn 122
2017/10/23 21:14:54 Final string : d 4 6
2017/10/23 21:14:54 --- NEW TURN --- 
2017/10/23 21:14:54     Parsed map
2017/10/23 21:14:54 Turn 123
2017/10/23 21:14:54 Final string : d 4 6
2017/10/23 21:14:54 --- NEW TURN --- 
2017/10/23 21:14:54     Parsed map
2017/10/23 21:14:54 Turn 124
2017/10/23 21:14:54 Final string : d 4 6
2017/10/23 21:14:54 --- NEW TURN --- 
2017/10/23 21:14:54     Parsed map
2017/10/23 21:14:54 Turn 125
2017/10/23 21:14:54 Final string : d 4 6
2017/10/23 21:14:54 --- NEW TURN --- 
2017/10/23 21:14:54     Parsed map
2017/10/23 21:14:54 Turn 126
2017/10/23 21:14:54 Final string : d 4 6
2017/10/23 21:14:54 --- NEW TURN --- 
2017/10/23 21:14:54     Parsed map
2017/10/23 21:14:54 Turn 127
2017/10/23 21:14:54 Final string : d 4 6
2017/10/23 21:14:54 --- NEW TURN --- 
2017/10/23 21:14:54     Parsed map
2017/10/23 21:14:54 Turn 128
2017/10/23 21:14:54 Final string : d 4 6
2017/10/23 21:14:54 --- NEW TURN --- 
2017/10/23 21:14:54     Parsed map
2017/10/23 21:14:54 Turn 129
2017/10/23 21:14:54 Final string : d 4 6
2017/10/23 21:14:54 --- NEW TURN --- 
2017/10/23 21:14:54     Parsed map
2017/10/23 21:14:54 Turn 130
2017/10/23 21:14:54 Final string : d 4 6
2017/10/23 21:14:54 --- NEW TURN --- 
2017/10/23 21:14:54     Parsed map
2017/10/23 21:14:54 Turn 131
2017/10/23 21:14:54 Final string : d 4 6
2017/10/23 21:14:54 --- NEW TURN --- 
2017/10/23 21:14:54     Parsed map
2017/10/23 21:14:54 Turn 132
2017/10/23 21:14:54 Final string : d 4 6
2017/10/23 21:14:54 --- NEW TURN --- 
2017/10/23 21:14:54     Parsed map
2017/10/23 21:14:54 Turn 133
2017/10/23 21:14:54 Final string : d 4 6
2017/10/23 21:14:54 --- NEW TURN --- 
2017/10/23 21:14:54     Parsed map
2017/10/23 21:14:54 Turn 134
2017/10/23 21:14:54 Final string : d 4 6
2017/10/23 21:14:54 --- NEW TURN --- 
2017/10/23 21:14:54     Parsed map
2017/10/23 21:14:54 Turn 135
2017/10/23 21:14:54 Final string : d 4 6
2017/10/23 21:14:54 --- NEW TURN --- 
2017/10/23 21:14:54     Parsed map
2017/10/23 21:14:54 Turn 136
2017/10/23 21:14:54 Final string : d 4 6
2017/10/23 21:14:54 --- NEW TURN --- 
2017/10/23 21:14:54     Parsed map
2017/10/23 21:14:54 Turn 137
2017/10/23 21:14:54 Final string : d 4 6
2017/10/23 21:14:54 --- NEW TURN --- 
2017/10/23 21:14:54     Parsed map
2017/10/23 21:14:54 Turn 138
2017/10/23 21:14:54 Final string : d 4 6
2017/10/23 21:14:54 --- NEW TURN --- 
2017/10/23 21:14:54     Parsed map
2017/10/23 21:14:54 Turn 139
2017/10/23 21:14:54 Final string : d 4 6
2017/10/23 21:14:54 --- NEW TURN --- 
2017/10/23 21:14:54     Parsed map
2017/10/23 21:14:54 Turn 140
2017/10/23 21:14:54 Final string : d 4 6
2017/10/23 21:14:54 --- NEW TURN --- 
2017/10/23 21:14:54     Parsed map
2017/10/23 21:14:54 Turn 141
2017/10/23 21:14:54 Final string : d 4 6
2017/10/23 21:14:54 --- NEW TURN --- 
2017/10/23 21:14:54     Parsed map
2017/10/23 21:14:54 Turn 142
2017/10/23 21:14:54 Final string : d 4 6
2017/10/23 21:14:54 --- NEW TURN --- 
2017/10/23 21:14:54     Parsed map
2017/10/23 21:14:54 Turn 143
2017/10/23 21:14:54 Final string : d 4 6
2017/10/23 21:14:54 --- NEW TURN --- 
2017/10/23 21:14:54     Parsed map
2017/10/23 21:14:54 Turn 144
2017/10/23 21:14:54 Final string : d 4 6
2017/10/23 21:14:54 --- NEW TURN --- 
2017/10/23 21:14:54     Parsed map
2017/10/23 21:14:54 Turn 145
2017/10/23 21:14:54 Final string : d 4 6
2017/10/23 21:14:54 --- NEW TURN --- 
2017/10/23 21:14:54     Parsed map
2017/10/23 21:14:54 Turn 146
2017/10/23 21:14:54 Final string : d 4 6
2017/10/23 21:14:54 --- NEW TURN --- 
2017/10/23 21:14:54     Parsed map
2017/10/23 21:14:54 Turn 147
2017/10/23 21:14:54 Final string : d 4 6
2017/10/23 21:14:54 --- NEW TURN --- 
2017/10/23 21:14:54     Parsed map
2017/10/23 21:14:54 Turn 148
2017/10/23 21:14:54 Final string : d 4 6
2017/10/23 21:14:54 --- NEW TURN --- 
2017/10/23 21:14:54     Parsed map
2017/10/23 21:14:54 Turn 149
2017/10/23 21:14:54 Final string : d 4 6
2017/10/23 21:14:54 --- NEW TURN --- 
2017/10/23 21:14:54     Parsed map
2017/10/23 21:14:54 Turn 150
2017/10/23 21:14:54 Final string : d 4 6
2017/10/23 21:14:54 --- NEW TURN --- 
2017/10/23 21:14:54     Parsed map
2017/10/23 21:14:54 Turn 151
2017/10/23 21:14:54 Final string : d 4 6
2017/10/23 21:14:54 --- NEW TURN --- 
2017/10/23 21:14:54     Parsed map
2017/10/23 21:14:54 Turn 152
2017/10/23 21:14:54 Final string : d 4 6
2017/10/23 21:14:54 --- NEW TURN --- 
2017/10/23 21:14:54     Parsed map
2017/10/23 21:14:54 Turn 153
2017/10/23 21:14:54 Final string : d 4 6
2017/10/23 21:14:54 --- NEW TURN --- 
2017/10/23 21:14:54     Parsed map
2017/10/23 21:14:54 Turn 154
2017/10/23 21:14:54 Final string : d 4 6
2017/10/23 21:14:54 --- NEW TURN --- 
2017/10/23 21:14:54     Parsed map
2017/10/23 21:14:54 Turn 155
2017/10/23 21:14:54 Final string : d 4 6
2017/10/23 21:14:54 --- NEW TURN --- 
2017/10/23 21:14:54     Parsed map
2017/10/23 21:14:54 Turn 156
2017/10/23 21:14:54 Final string : d 4 6
2017/10/23 21:14:54 --- NEW TURN --- 
2017/10/23 21:14:54     Parsed map
2017/10/23 21:14:54 Turn 157
2017/10/23 21:14:54 Final string : d 4 6
2017/10/23 21:14:54 --- NEW TURN --- 
2017/10/23 21:14:54     Parsed map
2017/10/23 21:14:54 Turn 158
2017/10/23 21:14:54 Final string : d 4 6
2017/10/23 21:14:54 --- NEW TURN --- 
2017/10/23 21:14:54     Parsed map
2017/10/23 21:14:54 Turn 159
2017/10/23 21:14:54 Final string : d 4 6
2017/10/23 21:14:54 --- NEW TURN --- 
2017/10/23 21:14:54     Parsed map
2017/10/23 21:14:54 Turn 160
2017/10/23 21:14:54 Final string : d 4 6
2017/10/23 21:14:54 --- NEW TURN --- 
2017/10/23 21:14:54     Parsed map
2017/10/23 21:14:54 Turn 161
2017/10/23 21:14:54 Final string : d 4 6
2017/10/23 21:14:54 --- NEW TURN --- 
2017/10/23 21:14:54     Parsed map
2017/10/23 21:14:54 Turn 162
2017/10/23 21:14:54 Final string : d 4 6
2017/10/23 21:14:54 --- NEW TURN --- 
2017/10/23 21:14:54     Parsed map
2017/10/23 21:14:54 Turn 163
2017/10/23 21:14:54 Final string : d 4 6
2017/10/23 21:14:54 --- NEW TURN --- 
2017/10/23 21:14:54     Parsed map
2017/10/23 21:14:54 Turn 164
2017/10/23 21:14:54 Final string : d 4 6
2017/10/23 21:14:54 --- NEW TURN --- 
2017/10/23 21:14:54     Parsed map
2017/10/23 21:14:54 Turn 165
2017/10/23 21:14:54 Final string : d 4 6
2017/10/23 21:14:54 --- NEW TURN --- 
2017/10/23 21:14:54     Parsed map
2017/10/23 21:14:54 Turn 166
2017/10/23 21:14:54 Final string : d 4 6
2017/10/23 21:14:54 --- NEW TURN --- 
2017/10/23 21:14:54     Parsed map
2017/10/23 21:14:54 Turn 167
2017/10/23 21:14:54 Final string : d 4 6
2017/10/23 21:14:54 --- NEW TURN --- 
2017/10/23 21:14:54     Parsed map
2017/10/23 21:14:54 Turn 168
2017/10/23 21:14:54 Final string : d 4 6
2017/10/23 21:14:54 --- NEW TURN --- 
2017/10/23 21:14:54     Parsed map
2017/10/23 21:14:54 Turn 169
2017/10/23 21:14:54 Final string : d 4 6
2017/10/23 21:14:54 --- NEW TURN --- 
2017/10/23 21:14:54     Parsed map
2017/10/23 21:14:54 Turn 170
2017/10/23 21:14:54 Final string : d 4 6
2017/10/23 21:14:54 --- NEW TURN --- 
2017/10/23 21:14:54     Parsed map
2017/10/23 21:14:54 Turn 171
2017/10/23 21:14:54 Final string : d 4 6
2017/10/23 21:14:54 --- NEW TURN --- 
2017/10/23 21:14:54     Parsed map
2017/10/23 21:14:54 Turn 172
2017/10/23 21:14:54 Final string : d 4 6
2017/10/23 21:14:54 --- NEW TURN --- 
2017/10/23 21:14:54     Parsed map
2017/10/23 21:14:54 Turn 173
2017/10/23 21:14:54 Final string : d 4 6
2017/10/23 21:14:54 --- NEW TURN --- 
2017/10/23 21:14:54     Parsed map
2017/10/23 21:14:54 Turn 174
2017/10/23 21:14:54 Final string : d 4 6
2017/10/23 21:14:54 --- NEW TURN --- 
2017/10/23 21:14:54     Parsed map
2017/10/23 21:14:54 Turn 175
2017/10/23 21:14:54 Final string : d 4 6
2017/10/23 21:14:54 --- NEW TURN --- 
2017/10/23 21:14:54     Parsed map
2017/10/23 21:14:54 Turn 176
2017/10/23 21:14:54 Final string : d 4 6
2017/10/23 21:14:54 --- NEW TURN --- 
2017/10/23 21:14:54     Parsed map
2017/10/23 21:14:54 Turn 177
2017/10/23 21:14:54 Final string : d 4 6
2017/10/23 21:14:54 --- NEW TURN --- 
2017/10/23 21:14:54     Parsed map
2017/10/23 21:14:54 Turn 178
2017/10/23 21:14:54 Final string : d 4 6
2017/10/23 21:14:54 --- NEW TURN --- 
2017/10/23 21:14:54     Parsed map
2017/10/23 21:14:54 Turn 179
2017/10/23 21:14:54 Final string : d 4 6
2017/10/23 21:14:54 --- NEW TURN --- 
2017/10/23 21:14:54     Parsed map
2017/10/23 21:14:54 Turn 180
2017/10/23 21:14:54 Final string : d 4 6
2017/10/23 21:14:54 --- NEW TURN --- 
2017/10/23 21:14:54     Parsed map
2017/10/23 21:14:54 Turn 181
2017/10/23 21:14:54 Final string : d 4 6
2017/10/23 21:14:54 --- NEW TURN --- 
2017/10/23 21:14:54     Parsed map
2017/10/23 21:14:54 Turn 182
2017/10/23 21:14:54 Final string : d 4 6
2017/10/23 21:14:54 --- NEW TURN --- 
2017/10/23 21:14:54     Parsed map
2017/10/23 21:14:54 Turn 183
2017/10/23 21:14:54 Final string : d 4 6
2017/10/23 21:14:54 --- NEW TURN --- 
2017/10/23 21:14:54     Parsed map
2017/10/23 21:14:54 Turn 184
2017/10/23 21:14:54 Final string : d 4 6
2017/10/23 21:14:54 --- NEW TURN --- 
2017/10/23 21:14:54     Parsed map
2017/10/23 21:14:54 Turn 185
2017/10/23 21:14:54 Final string : d 4 6
2017/10/23 21:14:54 --- NEW TURN --- 
2017/10/23 21:14:54     Parsed map
2017/10/23 21:14:54 Turn 186
2017/10/23 21:14:54 Final string : d 4 6
2017/10/23 21:14:54 --- NEW TURN --- 
2017/10/23 21:14:54     Parsed map
2017/10/23 21:14:54 Turn 187
2017/10/23 21:14:54 Final string : d 4 6
2017/10/23 21:14:54 --- NEW TURN --- 
2017/10/23 21:14:54     Parsed map
2017/10/23 21:14:54 Turn 188
2017/10/23 21:14:54 Final string : d 4 6
2017/10/23 21:14:54 --- NEW TURN --- 
2017/10/23 21:14:54     Parsed map
2017/10/23 21:14:54 Turn 189
2017/10/23 21:14:54 Final string : d 4 6
2017/10/23 21:14:54 --- NEW TURN --- 
2017/10/23 21:14:54     Parsed map
2017/10/23 21:14:54 Turn 190
2017/10/23 21:14:54 Final string : d 4 6
2017/10/23 21:14:54 --- NEW TURN --- 
2017/10/23 21:14:54     Parsed map
2017/10/23 21:14:54 Turn 191
2017/10/23 21:14:54 Final string : d 4 6
2017/10/23 21:14:54 --- NEW TURN --- 
2017/10/23 21:14:54     Parsed map
2017/10/23 21:14:54 Turn 192
2017/10/23 21:14:54 Final string : d 4 6
2017/10/23 21:14:54 --- NEW TURN --- 
2017/10/23 21:14:54     Parsed map
2017/10/23 21:14:54 Turn 193
2017/10/23 21:14:54 Final string : d 4 6
2017/10/23 21:14:54 --- NEW TURN --- 
2017/10/23 21:14:54     Parsed map
2017/10/23 21:14:54 Turn 194
2017/10/23 21:14:54 Final string : d 4 6
2017/10/23 21:14:54 --- NEW TURN --- 
2017/10/23 21:14:54     Parsed map
2017/10/23 21:14:54 Turn 195
2017/10/23 21:14:54 Final string : d 4 6
2017/10/23 21:14:54 --- NEW TURN --- 
2017/10/23 21:14:54     Parsed map
2017/10/23 21:14:54 Turn 196
2017/10/23 21:14:54 Final string : d 4 6
2017/10/23 21:14:54 --- NEW TURN --- 
2017/10/23 21:14:54     Parsed map
2017/10/23 21:14:54 Turn 197
2017/10/23 21:14:54 Final string : d 4 6
2017/10/23 21:14:54 --- NEW TURN --- 
2017/10/23 21:14:54     Parsed map
2017/10/23 21:14:54 Turn 198
2017/10/23 21:14:54 Final string : d 4 6
2017/10/23 21:14:54 --- NEW TURN --- 
2017/10/23 21:14:54     Parsed map
2017/10/23 21:14:54 Turn 199
2017/10/23 21:14:54 Final string : d 4 6
2017/10/23 21:14:54 --- NEW TURN --- 
2017/10/23 21:14:54     Parsed map
2017/10/23 21:14:54 Turn 200
2017/10/23 21:14:54 Final string : d 4 6
2017/10/23 21:14:54 --- NEW TURN --- 
2017/10/23 21:14:54     Parsed map
2017/10/23 21:14:54 Turn 201
2017/10/23 21:14:54 Final string : d 4 6
2017/10/23 21:14:54 --- NEW TURN --- 
2017/10/23 21:14:54     Parsed map
2017/10/23 21:14:54 Turn 202
2017/10/23 21:14:54 Final string : d 4 6
2017/10/23 21:14:54 --- NEW TURN --- 
2017/10/23 21:14:54     Parsed map
2017/10/23 21:14:54 Turn 203
2017/10/23 21:14:54 Final string : d 4 6
2017/10/23 21:14:54 --- NEW TURN --- 
2017/10/23 21:14:54     Parsed map
2017/10/23 21:14:54 Turn 204
2017/10/23 21:14:54 Final string : d 4 6
2017/10/23 21:14:54 --- NEW TURN --- 
2017/10/23 21:14:54     Parsed map
2017/10/23 21:14:54 Turn 205
2017/10/23 21:14:54 Final string : d 4 6
2017/10/23 21:14:54 --- NEW TURN --- 
2017/10/23 21:14:54     Parsed map
2017/10/23 21:14:54 Turn 206
2017/10/23 21:14:54 Final string : d 4 6
2017/10/23 21:14:54 --- NEW TURN --- 
2017/10/23 21:14:54     Parsed map
2017/10/23 21:14:54 Turn 207
2017/10/23 21:14:54 Final string : d 4 6
2017/10/23 21:14:54 --- NEW TURN --- 
2017/10/23 21:14:54     Parsed map
2017/10/23 21:14:54 Turn 208
2017/10/23 21:14:54 Final string : d 4 6
2017/10/23 21:14:54 --- NEW TURN --- 
2017/10/23 21:14:54     Parsed map
2017/10/23 21:14:54 Turn 209
2017/10/23 21:14:54 Final string : d 4 6
2017/10/23 21:14:54 --- NEW TURN --- 
2017/10/23 21:14:54     Parsed map
2017/10/23 21:14:54 Turn 210
2017/10/23 21:14:54 Final string : d 4 6
2017/10/23 21:14:54 --- NEW TURN --- 
2017/10/23 21:14:54     Parsed map
2017/10/23 21:14:54 Turn 211
2017/10/23 21:14:54 Final string : d 4 6
2017/10/23 21:14:54 --- NEW TURN --- 
2017/10/23 21:14:54     Parsed map
2017/10/23 21:14:54 Turn 212
2017/10/23 21:14:54 Final string : d 4 6
2017/10/23 21:14:54 --- NEW TURN --- 
2017/10/23 21:14:54     Parsed map
2017/10/23 21:14:54 Turn 213
2017/10/23 21:14:54 Final string : d 4 6
2017/10/23 21:14:54 --- NEW TURN --- 
2017/10/23 21:14:54     Parsed map
2017/10/23 21:14:54 Turn 214
2017/10/23 21:14:54 Final string : d 4 6
2017/10/23 21:14:54 --- NEW TURN --- 
2017/10/23 21:14:54     Parsed map
2017/10/23 21:14:54 Turn 215
2017/10/23 21:14:54 Final string : d 4 6
2017/10/23 21:14:54 --- NEW TURN --- 
2017/10/23 21:14:54     Parsed map
2017/10/23 21:14:54 Turn 216
2017/10/23 21:14:54 Final string : d 4 6
2017/10/23 21:14:54 --- NEW TURN --- 
2017/10/23 21:14:54     Parsed map
2017/10/23 21:14:54 Turn 217
2017/10/23 21:14:54 Final string : d 4 6
2017/10/23 21:14:54 --- NEW TURN --- 
2017/10/23 21:14:54     Parsed map
2017/10/23 21:14:54 Turn 218
2017/10/23 21:14:54 Final string : d 4 6
2017/10/23 21:14:54 --- NEW TURN --- 
2017/10/23 21:14:54     Parsed map
2017/10/23 21:14:54 Turn 219
2017/10/23 21:14:54 Final string : d 4 6
2017/10/23 21:14:54 --- NEW TURN --- 
2017/10/23 21:14:54     Parsed map
2017/10/23 21:14:54 Turn 220
2017/10/23 21:14:54 Final string : d 4 6
2017/10/23 21:14:54 --- NEW TURN --- 
2017/10/23 21:14:54     Parsed map
2017/10/23 21:14:54 Turn 221
2017/10/23 21:14:54 Final string : d 4 6
2017/10/23 21:14:54 --- NEW TURN --- 
2017/10/23 21:14:54     Parsed map
2017/10/23 21:14:54 Turn 222
2017/10/23 21:14:54 Final string : d 4 6
2017/10/23 21:14:54 --- NEW TURN --- 
2017/10/23 21:14:54     Parsed map
2017/10/23 21:14:54 Turn 223
2017/10/23 21:14:54 Final string : d 4 6
2017/10/23 21:14:54 --- NEW TURN --- 
2017/10/23 21:14:54     Parsed map
2017/10/23 21:14:54 Turn 224
2017/10/23 21:14:54 Final string : d 4 6
2017/10/23 21:14:54 --- NEW TURN --- 
2017/10/23 21:14:54     Parsed map
2017/10/23 21:14:54 Turn 225
2017/10/23 21:14:54 Final string : d 4 6
2017/10/23 21:14:54 --- NEW TURN --- 
2017/10/23 21:14:54     Parsed map
2017/10/23 21:14:54 Turn 226
2017/10/23 21:14:54 Final string : d 4 6
2017/10/23 21:14:54 --- NEW TURN --- 
2017/10/23 21:14:54     Parsed map
2017/10/23 21:14:54 Turn 227
2017/10/23 21:14:54 Final string : d 4 6
2017/10/23 21:14:54 --- NEW TURN --- 
2017/10/23 21:14:54     Parsed map
2017/10/23 21:14:54 Turn 228
2017/10/23 21:14:54 Final string : d 4 6
2017/10/23 21:14:54 --- NEW TURN --- 
2017/10/23 21:14:54     Parsed map
2017/10/23 21:14:54 Turn 229
2017/10/23 21:14:54 Final string : d 4 6
2017/10/23 21:14:54 --- NEW TURN --- 
2017/10/23 21:14:54     Parsed map
2017/10/23 21:14:54 Turn 230
2017/10/23 21:14:54 Final string : d 4 6
2017/10/23 21:14:54 --- NEW TURN --- 
2017/10/23 21:14:54     Parsed map
2017/10/23 21:14:54 Turn 231
2017/10/23 21:14:54 Final string : d 4 6
2017/10/23 21:14:54 --- NEW TURN --- 
2017/10/23 21:14:54     Parsed map
2017/10/23 21:14:54 Turn 232
2017/10/23 21:14:54 Final string : d 4 6
2017/10/23 21:14:54 --- NEW TURN --- 
2017/10/23 21:14:54     Parsed map
2017/10/23 21:14:54 Turn 233
2017/10/23 21:14:54 Final string : d 4 6
2017/10/23 21:14:54 --- NEW TURN --- 
2017/10/23 21:14:54     Parsed map
2017/10/23 21:14:54 Turn 234
2017/10/23 21:14:54 Final string : d 4 6
2017/10/23 21:14:54 --- NEW TURN --- 
2017/10/23 21:14:54     Parsed map
2017/10/23 21:14:54 Turn 235
2017/10/23 21:14:54 Final string : d 4 6
2017/10/23 21:14:54 --- NEW TURN --- 
2017/10/23 21:14:54     Parsed map
2017/10/23 21:14:54 Turn 236
2017/10/23 21:14:54 Final string : d 4 6
2017/10/23 21:14:54 --- NEW TURN --- 
2017/10/23 21:14:54     Parsed map
2017/10/23 21:14:54 Turn 237
2017/10/23 21:14:54 Final string : d 4 6
2017/10/23 21:14:54 --- NEW TURN --- 
2017/10/23 21:14:54     Parsed map
2017/10/23 21:14:54 Turn 238
2017/10/23 21:14:54 Final string : d 4 6
2017/10/23 21:14:54 --- NEW TURN --- 
2017/10/23 21:14:54     Parsed map
2017/10/23 21:14:54 Turn 239
2017/10/23 21:14:54 Final string : d 4 6
2017/10/23 21:14:54 --- NEW TURN --- 
2017/10/23 21:14:54     Parsed map
2017/10/23 21:14:54 Turn 240
2017/10/23 21:14:54 Final string : d 4 6
2017/10/23 21:14:54 --- NEW TURN --- 
2017/10/23 21:14:54     Parsed map
2017/10/23 21:14:54 Turn 241
2017/10/23 21:14:54 Final string : d 4 6
2017/10/23 21:14:54 --- NEW TURN --- 
2017/10/23 21:14:54     Parsed map
2017/10/23 21:14:54 Turn 242
2017/10/23 21:14:54 Final string : d 4 6
2017/10/23 21:14:54 --- NEW TURN --- 
2017/10/23 21:14:54     Parsed map
2017/10/23 21:14:54 Turn 243
2017/10/23 21:14:54 Final string : d 4 6
2017/10/23 21:14:54 --- NEW TURN --- 
2017/10/23 21:14:54     Parsed map
2017/10/23 21:14:54 Turn 244
2017/10/23 21:14:54 Final string : d 4 6
2017/10/23 21:14:54 --- NEW TURN --- 
2017/10/23 21:14:54     Parsed map
2017/10/23 21:14:54 Turn 245
2017/10/23 21:14:54 Final string : d 4 6
2017/10/23 21:14:54 --- NEW TURN --- 
2017/10/23 21:14:54     Parsed map
2017/10/23 21:14:54 Turn 246
2017/10/23 21:14:54 Final string : d 4 6
2017/10/23 21:14:54 --- NEW TURN --- 
2017/10/23 21:14:54     Parsed map
2017/10/23 21:14:54 Turn 247
2017/10/23 21:14:54 Final string : d 4 6
2017/10/23 21:14:54 --- NEW TURN --- 
2017/10/23 21:14:54     Parsed map
2017/10/23 21:14:54 Turn 248
2017/10/23 21:14:54 Final string : d 4 6
2017/10/23 21:14:54 --- NEW TURN --- 
2017/10/23 21:14:54     Parsed map
2017/10/23 21:14:54 Turn 249
2017/10/23 21:14:54 Final string : d 4 6
2017/10/23 21:14:54 --- NEW TURN --- 
2017/10/23 21:14:54     Parsed map
2017/10/23 21:14:54 Turn 250
2017/10/23 21:14:54 Final string : d 4 6
2017/10/23 21:14:54 --- NEW TURN --- 
2017/10/23 21:14:54     Parsed map
2017/10/23 21:14:54 Turn 251
2017/10/23 21:14:54 Final string : d 4 6
2017/10/23 21:14:54 --- NEW TURN --- 
2017/10/23 21:14:54     Parsed map
2017/10/23 21:14:54 Turn 252
2017/10/23 21:14:54 Final string : d 4 6
2017/10/23 21:14:54 --- NEW TURN --- 
2017/10/23 21:14:54     Parsed map
2017/10/23 21:14:54 Turn 253
2017/10/23 21:14:54 Final string : d 4 6
2017/10/23 21:14:54 --- NEW TURN --- 
2017/10/23 21:14:54     Parsed map
2017/10/23 21:14:54 Turn 254
2017/10/23 21:14:54 Final string : d 4 6
2017/10/23 21:14:54 --- NEW TURN --- 
2017/10/23 21:14:54     Parsed map
2017/10/23 21:14:54 Turn 255
2017/10/23 21:14:54 Final string : d 4 6
2017/10/23 21:14:54 --- NEW TURN --- 
2017/10/23 21:14:54     Parsed map
2017/10/23 21:14:54 Turn 256
2017/10/23 21:14:54 Final string : d 4 6
2017/10/23 21:14:54 --- NEW TURN --- 
2017/10/23 21:14:54     Parsed map
2017/10/23 21:14:54 Turn 257
2017/10/23 21:14:54 Final string : d 4 6
2017/10/23 21:14:54 --- NEW TURN --- 
2017/10/23 21:14:54     Parsed map
2017/10/23 21:14:54 Turn 258
2017/10/23 21:14:54 Final string : d 4 6
2017/10/23 21:14:54 --- NEW TURN --- 
2017/10/23 21:14:54     Parsed map
2017/10/23 21:14:54 Turn 259
2017/10/23 21:14:54 Final string : d 4 6
2017/10/23 21:14:54 --- NEW TURN --- 
2017/10/23 21:14:54     Parsed map
2017/10/23 21:14:54 Turn 260
2017/10/23 21:14:54 Final string : d 4 6
2017/10/23 21:14:54 --- NEW TURN --- 
2017/10/23 21:14:54     Parsed map
2017/10/23 21:14:54 Turn 261
2017/10/23 21:14:54 Final string : d 4 6
2017/10/23 21:14:54 --- NEW TURN --- 
2017/10/23 21:14:54     Parsed map
2017/10/23 21:14:54 Turn 262
2017/10/23 21:14:54 Final string : d 4 6
2017/10/23 21:14:54 --- NEW TURN --- 
2017/10/23 21:14:54     Parsed map
2017/10/23 21:14:54 Turn 263
2017/10/23 21:14:54 Final string : d 4 6
2017/10/23 21:14:54 --- NEW TURN --- 
2017/10/23 21:14:54     Parsed map
2017/10/23 21:14:54 Turn 264
2017/10/23 21:14:54 Final string : d 4 6
2017/10/23 21:14:54 --- NEW TURN --- 
2017/10/23 21:14:54     Parsed map
2017/10/23 21:14:54 Turn 265
2017/10/23 21:14:54 Final string : d 4 6
2017/10/23 21:14:54 --- NEW TURN --- 
2017/10/23 21:14:54     Parsed map
2017/10/23 21:14:54 Turn 266
2017/10/23 21:14:54 Final string : d 4 6
2017/10/23 21:14:54 --- NEW TURN --- 
2017/10/23 21:14:54     Parsed map
2017/10/23 21:14:54 Turn 267
2017/10/23 21:14:54 Final string : d 4 6
2017/10/23 21:14:54 --- NEW TURN --- 
2017/10/23 21:14:54     Parsed map
2017/10/23 21:14:54 Turn 268
2017/10/23 21:14:54 Final string : d 4 6
2017/10/23 21:14:54 --- NEW TURN --- 
2017/10/23 21:14:54     Parsed map
2017/10/23 21:14:54 Turn 269
2017/10/23 21:14:54 Final string : d 4 6
2017/10/23 21:14:54 --- NEW TURN --- 
2017/10/23 21:14:54     Parsed map
2017/10/23 21:14:54 Turn 270
2017/10/23 21:14:54 Final string : d 4 6
2017/10/23 21:14:54 --- NEW TURN --- 
2017/10/23 21:14:54     Parsed map
2017/10/23 21:14:54 Turn 271
2017/10/23 21:14:54 Final string : d 4 6
2017/10/23 21:14:54 --- NEW TURN --- 
2017/10/23 21:14:54     Parsed map
2017/10/23 21:14:54 Turn 272
2017/10/23 21:14:54 Final string : d 4 6
2017/10/23 21:14:54 --- NEW TURN --- 
2017/10/23 21:14:54     Parsed map
2017/10/23 21:14:54 Turn 273
2017/10/23 21:14:54 Final string : d 4 6
2017/10/23 21:14:54 --- NEW TURN --- 
2017/10/23 21:14:54     Parsed map
2017/10/23 21:14:54 Turn 274
2017/10/23 21:14:54 Final string : d 4 6
2017/10/23 21:14:54 --- NEW TURN --- 
2017/10/23 21:14:54     Parsed map
2017/10/23 21:14:54 Turn 275
2017/10/23 21:14:54 Final string : d 4 6
2017/10/23 21:14:54 --- NEW TURN --- 
2017/10/23 21:14:54     Parsed map
2017/10/23 21:14:54 Turn 276
2017/10/23 21:14:54 Final string : d 4 6
2017/10/23 21:14:54 --- NEW TURN --- 
2017/10/23 21:14:54     Parsed map
2017/10/23 21:14:54 Turn 277
2017/10/23 21:14:54 Final string : d 4 6
2017/10/23 21:14:54 --- NEW TURN --- 
2017/10/23 21:14:54     Parsed map
2017/10/23 21:14:54 Turn 278
2017/10/23 21:14:54 Final string : d 4 6
2017/10/23 21:14:54 --- NEW TURN --- 
2017/10/23 21:14:54     Parsed map
2017/10/23 21:14:54 Turn 279
2017/10/23 21:14:54 Final string : d 4 6
2017/10/23 21:14:54 --- NEW TURN --- 
2017/10/23 21:14:54     Parsed map
2017/10/23 21:14:54 Turn 280
2017/10/23 21:14:54 Final string : d 4 6
2017/10/23 21:14:54 --- NEW TURN --- 
2017/10/23 21:14:54     Parsed map
2017/10/23 21:14:54 Turn 281
2017/10/23 21:14:54 Final string : d 4 6
2017/10/23 21:14:54 --- NEW TURN --- 
2017/10/23 21:14:54     Parsed map
2017/10/23 21:14:54 Turn 282
2017/10/23 21:14:54 Final string : d 4 6
2017/10/23 21:14:54 --- NEW TURN --- 
2017/10/23 21:14:54     Parsed map
2017/10/23 21:14:54 Turn 283
2017/10/23 21:14:54 Final string : d 4 6
2017/10/23 21:14:54 --- NEW TURN --- 
2017/10/23 21:14:54     Parsed map
2017/10/23 21:14:54 Turn 284
2017/10/23 21:14:54 Final string : d 4 6
2017/10/23 21:14:54 --- NEW TURN --- 
2017/10/23 21:14:54     Parsed map
2017/10/23 21:14:54 Turn 285
2017/10/23 21:14:54 Final string : d 4 6
2017/10/23 21:14:54 --- NEW TURN --- 
2017/10/23 21:14:54     Parsed map
2017/10/23 21:14:54 Turn 286
2017/10/23 21:14:54 Final string : d 4 6
2017/10/23 21:14:54 --- NEW TURN --- 
2017/10/23 21:14:54     Parsed map
2017/10/23 21:14:54 Turn 287
2017/10/23 21:14:54 Final string : d 4 6
2017/10/23 21:14:54 --- NEW TURN --- 
2017/10/23 21:14:54     Parsed map
2017/10/23 21:14:54 Turn 288
2017/10/23 21:14:54 Final string : d 4 6
2017/10/23 21:14:54 --- NEW TURN --- 
2017/10/23 21:14:54     Parsed map
2017/10/23 21:14:54 Turn 289
2017/10/23 21:14:54 Final string : d 4 6
2017/10/23 21:14:54 --- NEW TURN --- 
2017/10/23 21:14:54     Parsed map
2017/10/23 21:14:54 Turn 290
2017/10/23 21:14:54 Final string : d 4 6
2017/10/23 21:14:54 --- NEW TURN --- 
2017/10/23 21:14:54     Parsed map
2017/10/23 21:14:54 Turn 291
2017/10/23 21:14:54 Final string : d 4 6
2017/10/23 21:14:54 --- NEW TURN --- 
2017/10/23 21:14:54     Parsed map
2017/10/23 21:14:54 Turn 292
2017/10/23 21:14:54 Final string : d 4 6
2017/10/23 21:14:54 --- NEW TURN --- 
2017/10/23 21:14:54     Parsed map
2017/10/23 21:14:54 Turn 293
2017/10/23 21:14:54 Final string : t 4 7 -164
2017/10/23 21:14:54 --- NEW TURN --- 
2017/10/23 21:14:54     Parsed map
2017/10/23 21:14:54 Turn 294
2017/10/23 21:14:54 Final string : t 4 7 -167
2017/10/23 21:14:54 --- NEW TURN --- 
2017/10/23 21:14:54     Parsed map
2017/10/23 21:14:54 Turn 295
2017/10/23 21:14:54 Final string : t 4 7 -171
2017/10/23 21:14:54 --- NEW TURN --- 
